This is pdfeTeX, Version 3.141592-1.21a-2.2 (Web2C 7.5.4) (format=pdflatex 2006.4.13)  13 FEB 2010 15:35
entering extended mode
**manual_fr
(./manual_fr.tex
LaTeX2e <2003/12/01>
Babel <v3.8d> and hyphenation patterns for american, french, german, ngerman, b
ahasa, basque, bulgarian, catalan, croatian, czech, danish, dutch, esperanto, e
stonian, finnish, greek, icelandic, irish, italian, latin, magyar, norsk, polis
h, portuges, romanian, russian, serbian, slovak, slovene, spanish, swedish, tur
kish, ukrainian, nohyphenation, loaded.
(/opt/local/share/texmf-dist/tex/latex/koma-script/scrreprt.cls
Document Class: scrreprt 2004/09/16 v2.9t LaTeX2e KOMA document class
(/opt/local/share/texmf-dist/tex/latex/koma-script/scrlfile.sty
Package: scrlfile 2004/09/16 v2.9t LaTeX2e KOMA package

Package scrlfile, 2004/09/16 v2.9t LaTeX2e KOMA package
                  Copyright (C) Markus Kohm

) (/opt/local/share/texmf-dist/tex/latex/base/size10.clo
File: size10.clo 2004/02/16 v1.4f Standard LaTeX file (size option)
)
(/opt/local/share/texmf-dist/tex/latex/koma-script/typearea.sty
Package: typearea 2004/09/16 v2.9t LaTeX2e KOMA package

Package typearea, 2004/09/16 v2.9t LaTeX2e KOMA package
                  Copyright (C) Frank Neukam, 1992-1994
                  Copyright (C) Markus Kohm, 1994-2002

\ta@bcor=\skip41
\ta@div=\count79
\ta@hblk=\skip42
\ta@vblk=\skip43
\ta@temp=\skip44
Package typearea Info: These are the values describing the layout:
(typearea)             DIV  = 8
(typearea)             BCOR = 0.0pt
(typearea)             \paperwidth      = 597.50793pt
(typearea)              \textwidth      = 373.44246pt
(typearea)              \columnwidth    = 0.0pt
(typearea)              \columnsep      = 0.0pt
(typearea)              DIV-departure   = -4/100
(typearea)              \evensidemargin = 77.107pt
(typearea)              \oddsidemargin  = 2.4185pt
(typearea)             \paperheight     = 845.04694pt
(typearea)              \textheight     = 538.0pt
(typearea)              \topmargin      = 0.36087pt
(typearea)              \headheight     = 15.0pt
(typearea)              \headsep        = 18.0pt
(typearea)              \topskip        = 10.0pt
(typearea)              \footskip       = 42.0pt
(typearea)              \baselineskip   = 12.0pt
(typearea)              on input line 633.
)
\c@part=\count80
\c@chapter=\count81
\c@section=\count82
\c@subsection=\count83
\c@subsubsection=\count84
\c@paragraph=\count85
\c@subparagraph=\count86
\c@figure=\count87
\c@table=\count88
\abovecaptionskip=\skip45
\belowcaptionskip=\skip46
\c@pti@nb@sid@b@x=\box26
\bibindent=\dimen102
) (/opt/local/share/texmf-dist/tex/generic/babel/babel.sty
Package: babel 2004/11/20 v3.8d The Babel package

(/opt/local/share/texmf-dist/tex/generic/babel/frenchb.ldf
Language: french 2004/04/02 v1.6f French support from the babel system

(/opt/local/share/texmf-dist/tex/generic/babel/babel.def
File: babel.def 2004/11/20 v3.8d Babel common definitions
\babel@savecnt=\count89
\U@D=\dimen103
)
Package babel Info: Making : an active character on input line 219.
Package babel Info: Making ; an active character on input line 220.
Package babel Info: Making ! an active character on input line 221.
Package babel Info: Making ? an active character on input line 222.
LaTeX Font Info:    Redeclaring font encoding T1 on input line 299.
\parindentFFN=\dimen104
\std@mcc=\count90
\dec@mcc=\count91

*************************************
* Local config file frenchb.cfg used
*
(/opt/local/share/texmf-dist/tex/generic/babel/frenchb.cfg)))
(./classicthesis-ldpkg.sty
Package: classicthesis-ldpkg 2007/11/01 v2.3 Package Loader for Classic Thesis 
Style

(/opt/local/share/texmf-dist/tex/latex/base/ifthen.sty
Package: ifthen 2001/05/26 v1.1c Standard LaTeX ifthen package (DPC)
)
(/opt/local/share/texmf-dist/tex/latex/base/fontenc.sty
Package: fontenc 2004/02/22 v1.99f Standard LaTeX package

(/opt/local/share/texmf-dist/tex/latex/base/t1enc.def
File: t1enc.def 2004/02/22 v1.99f Standard LaTeX file
LaTeX Font Info:    Redeclaring font encoding T1 on input line 43.
))
(/opt/local/share/texmf-dist/tex/latex/base/textcomp.sty
Package: textcomp 2004/02/22 v1.99f Standard LaTeX package
Package textcomp Info: Sub-encoding information:
(textcomp)               5 = only ISO-Adobe without \textcurrency
(textcomp)               4 = 5 + \texteuro
(textcomp)               3 = 4 + \textohm
(textcomp)               2 = 3 + \textestimated + \textcurrency
(textcomp)               1 = TS1 - \textcircled - \t
(textcomp)               0 = TS1 (full)
(textcomp)             Font families with sub-encoding setting implement
(textcomp)             only a restricted character set as indicated.
(textcomp)             Family '?' is the default used for unknown fonts.
(textcomp)             See the documentation for details.
Package textcomp Info: Setting ? sub-encoding to TS1/1 on input line 71.

(/opt/local/share/texmf-dist/tex/latex/base/ts1enc.def
File: ts1enc.def 2001/06/05 v3.0e (jk/car/fm) Standard LaTeX file
)
LaTeX Info: Redefining \oldstylenums on input line 266.
Package textcomp Info: Setting cmr sub-encoding to TS1/0 on input line 281.
Package textcomp Info: Setting cmss sub-encoding to TS1/0 on input line 282.
Package textcomp Info: Setting cmtt sub-encoding to TS1/0 on input line 283.
Package textcomp Info: Setting cmvtt sub-encoding to TS1/0 on input line 284.
Package textcomp Info: Setting cmbr sub-encoding to TS1/0 on input line 285.
Package textcomp Info: Setting cmtl sub-encoding to TS1/0 on input line 286.
Package textcomp Info: Setting ccr sub-encoding to TS1/0 on input line 287.
Package textcomp Info: Setting ptm sub-encoding to TS1/4 on input line 288.
Package textcomp Info: Setting pcr sub-encoding to TS1/4 on input line 289.
Package textcomp Info: Setting phv sub-encoding to TS1/4 on input line 290.
Package textcomp Info: Setting ppl sub-encoding to TS1/3 on input line 291.
Package textcomp Info: Setting pag sub-encoding to TS1/4 on input line 292.
Package textcomp Info: Setting pbk sub-encoding to TS1/4 on input line 293.
Package textcomp Info: Setting pnc sub-encoding to TS1/4 on input line 294.
Package textcomp Info: Setting pzc sub-encoding to TS1/4 on input line 295.
Package textcomp Info: Setting bch sub-encoding to TS1/4 on input line 296.
Package textcomp Info: Setting put sub-encoding to TS1/5 on input line 297.
Package textcomp Info: Setting uag sub-encoding to TS1/5 on input line 298.
Package textcomp Info: Setting ugq sub-encoding to TS1/5 on input line 299.
Package textcomp Info: Setting ul8 sub-encoding to TS1/4 on input line 300.
Package textcomp Info: Setting ul9 sub-encoding to TS1/4 on input line 301.
Package textcomp Info: Setting augie sub-encoding to TS1/5 on input line 302.
Package textcomp Info: Setting dayrom sub-encoding to TS1/3 on input line 303.
Package textcomp Info: Setting dayroms sub-encoding to TS1/3 on input line 304.

Package textcomp Info: Setting pxr sub-encoding to TS1/0 on input line 305.
Package textcomp Info: Setting pxss sub-encoding to TS1/0 on input line 306.
Package textcomp Info: Setting pxtt sub-encoding to TS1/0 on input line 307.
Package textcomp Info: Setting txr sub-encoding to TS1/0 on input line 308.
Package textcomp Info: Setting txss sub-encoding to TS1/0 on input line 309.
Package textcomp Info: Setting txtt sub-encoding to TS1/0 on input line 310.
Package textcomp Info: Setting futs sub-encoding to TS1/4 on input line 311.
Package textcomp Info: Setting futx sub-encoding to TS1/4 on input line 312.
Package textcomp Info: Setting futj sub-encoding to TS1/4 on input line 313.
Package textcomp Info: Setting hlh sub-encoding to TS1/3 on input line 314.
Package textcomp Info: Setting hls sub-encoding to TS1/3 on input line 315.
Package textcomp Info: Setting hlst sub-encoding to TS1/3 on input line 316.
Package textcomp Info: Setting hlct sub-encoding to TS1/5 on input line 317.
Package textcomp Info: Setting hlx sub-encoding to TS1/5 on input line 318.
Package textcomp Info: Setting hlce sub-encoding to TS1/5 on input line 319.
Package textcomp Info: Setting hlcn sub-encoding to TS1/5 on input line 320.
Package textcomp Info: Setting hlcw sub-encoding to TS1/5 on input line 321.
Package textcomp Info: Setting hlcf sub-encoding to TS1/5 on input line 322.
Package textcomp Info: Setting pplx sub-encoding to TS1/3 on input line 323.
Package textcomp Info: Setting pplj sub-encoding to TS1/3 on input line 324.
Package textcomp Info: Setting ptmx sub-encoding to TS1/4 on input line 325.
Package textcomp Info: Setting ptmj sub-encoding to TS1/4 on input line 326.
)
(/opt/local/share/texmf-dist/tex/latex/tools/xspace.sty
Package: xspace 1997/10/13 v1.06 Space after command names (DPC)
)
(/opt/local/share/texmf-dist/tex/latex/tools/tabularx.sty
Package: tabularx 1999/01/07 v2.07 `tabularx' package (DPC)

(/opt/local/share/texmf-dist/tex/latex/tools/array.sty
Package: array 2003/12/17 v2.4a Tabular extension package (FMi)
\col@sep=\dimen105
\extrarowheight=\dimen106
\NC@list=\toks14
\extratabsurround=\skip47
\backup@length=\skip48
)
\TX@col@width=\dimen107
\TX@old@table=\dimen108
\TX@old@col=\dimen109
\TX@target=\dimen110
\TX@delta=\dimen111
\TX@cols=\count92
\TX@ftn=\toks15
)
(/opt/local/share/texmf-dist/tex/latex/mparhack/mparhack.sty
Package: mparhack 2003/05/22 v1.3a (T. Sgouros and S. Ulrich)
)
(/opt/local/share/texmf-dist/tex/latex/base/fixltx2e.sty
Package: fixltx2e 2004/02/13 v1.1h fixes to LaTeX
LaTeX Info: Redefining \@fnsymbol on input line 371.
LaTeX Info: Redefining \em on input line 403.
)
(/opt/local/share/texmf-dist/tex/latex/amsmath/amsmath.sty
Package: amsmath 2000/07/18 v2.13 AMS math features
\@mathmargin=\skip49

For additional information on amsmath, use the `?' option.
(/opt/local/share/texmf-dist/tex/latex/amsmath/amstext.sty
Package: amstext 2000/06/29 v2.01

(/opt/local/share/texmf-dist/tex/latex/amsmath/amsgen.sty
File: amsgen.sty 1999/11/30 v2.0
\@emptytoks=\toks16
\ex@=\dimen112
))
(/opt/local/share/texmf-dist/tex/latex/amsmath/amsbsy.sty
Package: amsbsy 1999/11/29 v1.2d
\pmbraise@=\dimen113
)
(/opt/local/share/texmf-dist/tex/latex/amsmath/amsopn.sty
Package: amsopn 1999/12/14 v2.01 operator names
)
\inf@bad=\count93
LaTeX Info: Redefining \frac on input line 211.
\uproot@=\count94
\leftroot@=\count95
LaTeX Info: Redefining \overline on input line 307.
\classnum@=\count96
\DOTSCASE@=\count97
LaTeX Info: Redefining \ldots on input line 379.
LaTeX Info: Redefining \dots on input line 382.
LaTeX Info: Redefining \cdots on input line 467.
\Mathstrutbox@=\box27
\strutbox@=\box28
\big@size=\dimen114
LaTeX Font Info:    Redeclaring font encoding OML on input line 567.
LaTeX Font Info:    Redeclaring font encoding OMS on input line 568.
\macc@depth=\count98
\c@MaxMatrixCols=\count99
\dotsspace@=\muskip10
\c@parentequation=\count100
\dspbrk@lvl=\count101
\tag@help=\toks17
\row@=\count102
\column@=\count103
\maxfields@=\count104
\andhelp@=\toks18
\eqnshift@=\dimen115
\alignsep@=\dimen116
\tagshift@=\dimen117
\tagwidth@=\dimen118
\totwidth@=\dimen119
\lineht@=\dimen120
\@envbody=\toks19
\multlinegap=\skip50
\multlinetaggap=\skip51
\mathdisplay@stack=\toks20
LaTeX Info: Redefining \[ on input line 2666.
LaTeX Info: Redefining \] on input line 2667.
)
(/opt/local/share/texmf-dist/tex/latex/relsize/relsize.sty
Package: relsize 2003/07/04 ver 3.1
)
(/opt/local/share/texmf-dist/tex/latex/acronym/acronym.sty
Package: acronym 2004/11/10 v1.17 Support for acronyms (Tobias Oetiker)
\clearlist=\toks21
)
\c@dummy=\count105

(/opt/local/share/texmf-dist/tex/latex/caption/caption.sty
Package: caption 2004/07/16 v3.0c Customising captions (AS)
\captionmargin=\dimen121
\captionwidth=\dimen122
\captionindent=\dimen123
\captionparindent=\dimen124
\captionhangindent=\dimen125

(/opt/local/share/texmf-dist/tex/latex/graphics/keyval.sty
Package: keyval 1999/03/16 v1.13 key=value parser (DPC)
\KV@toks@=\toks22
))
(/opt/local/share/texmf-dist/tex/latex/carlisle/remreset.sty)
(/opt/local/share/texmf-dist/tex/latex/subfig/subfig.sty
Package: subfig 2004/01/28 ver: 1.2 subfig package
\c@KVtest=\count106
\sf@farskip=\skip52
\sf@captopadj=\dimen126
\sf@capskip=\skip53
\sf@nearskip=\skip54
\c@subfigure=\count107
\c@subfigure@save=\count108
\c@lofdepth=\count109
\c@subtable=\count110
\c@subtable@save=\count111
\c@lotdepth=\count112
\sf@top=\skip55
\sf@bottom=\skip56
)
(/opt/local/share/texmf-dist/tex/latex/listings/listings.sty
\lst@mode=\count113
\lst@gtempboxa=\box29
\lst@token=\toks23
\lst@length=\count114
\lst@currlwidth=\dimen127
\lst@column=\count115
\lst@pos=\count116
\lst@lostspace=\dimen128
\lst@width=\dimen129
\lst@newlines=\count117
\lst@lineno=\count118
\c@lstlisting=\count119
\lst@maxwidth=\dimen130

(/opt/local/share/texmf-dist/tex/latex/listings/lstpatch.sty
File: lstpatch.sty 2004/10/17 1.3b (Carsten Heinz)
)
(/opt/local/share/texmf-dist/tex/latex/listings/lstmisc.sty
File: lstmisc.sty 2004/09/07 1.3 (Carsten Heinz)
\c@lstnumber=\count120
\lst@skipnumbers=\count121
\lst@framebox=\box30
)
(/opt/local/share/texmf-dist/tex/latex/listings/listings.cfg
File: listings.cfg 2004/09/05 1.3 listings configuration
))
Package: listings 2004/10/17 1.3b (Carsten Heinz)

(/opt/local/share/texmf-dist/tex/latex/listings/lstlang1.sty
File: lstlang1.sty 2004/09/05 1.3 listings language file
)
(/opt/local/share/texmf-dist/tex/latex/listings/lstlang2.sty
File: lstlang2.sty 2004/09/05 1.3 listings language file
)
(/opt/local/share/texmf-dist/tex/latex/listings/lstlang3.sty
File: lstlang3.sty 2004/09/05 1.3 listings language file
)
(/opt/local/share/texmf-dist/tex/latex/listings/lstlang1.sty
File: lstlang1.sty 2004/09/05 1.3 listings language file
)
(/opt/local/share/texmf-dist/tex/latex/listings/lstlang2.sty
File: lstlang2.sty 2004/09/05 1.3 listings language file
)
(/opt/local/share/texmf-dist/tex/latex/listings/lstlang3.sty
File: lstlang3.sty 2004/09/05 1.3 listings language file
)
(/opt/local/share/texmf-dist/tex/latex/listings/lstlang1.sty
File: lstlang1.sty 2004/09/05 1.3 listings language file
)
(/opt/local/share/texmf-dist/tex/latex/listings/lstlang2.sty
File: lstlang2.sty 2004/09/05 1.3 listings language file
)
(/opt/local/share/texmf-dist/tex/latex/listings/lstlang3.sty
File: lstlang3.sty 2004/09/05 1.3 listings language file
)
(/opt/local/share/texmf-dist/tex/latex/listings/lstmisc.sty
File: lstmisc.sty 2004/09/07 1.3 (Carsten Heinz)
)
(/opt/local/share/texmf-dist/tex/latex/hyperref/hyperref.sty
Package: hyperref 2003/11/30 v6.74m Hypertext links for LaTeX
\@linkdim=\dimen131
\Hy@linkcounter=\count122
\Hy@pagecounter=\count123

(/opt/local/share/texmf-dist/tex/latex/hyperref/pd1enc.def
File: pd1enc.def 2003/11/30 v6.74m Hyperref: PDFDocEncoding definition (HO)
)
(/opt/local/share/texmf-dist/tex/latex/hyperref/hyperref.cfg
File: hyperref.cfg 2002/06/06 v1.2 hyperref configuration of TeXLive and teTeX
)
Package hyperref Info: Option `hyperfootnotes' set `false' on input line 1830.
Package hyperref Info: Option `pdfpagelabels' set `true' on input line 1830.
Package hyperref Info: Hyper figures OFF on input line 1880.
Package hyperref Info: Link nesting OFF on input line 1885.
Package hyperref Info: Hyper index ON on input line 1888.
Package hyperref Info: Plain pages ON on input line 1893.
Package hyperref Info: Backreferencing ON on input line 1898.

Implicit mode ON; LaTeX internals redefined
Package hyperref Info: Bookmarks ON on input line 2004.
(/opt/local/share/texmf-dist/tex/latex/hyperref/backref.sty
Package: backref 2003/03/20 v1.23 Bibliographical back referencing
)
(/opt/local/share/texmf-dist/tex/latex/url/url.sty
\Urlmuskip=\muskip11
Package: url 2004/03/15  ver 3.1  Verb mode for urls, etc.
)
LaTeX Info: Redefining \url on input line 2143.
\Fld@menulength=\count124
\Field@Width=\dimen132
\Fld@charsize=\dimen133
\Choice@toks=\toks24
\Field@toks=\toks25
Package hyperref Info: Hyper figures OFF on input line 2618.
Package hyperref Info: Link nesting OFF on input line 2623.
Package hyperref Info: Hyper index ON on input line 2626.
Package hyperref Info: backreferencing ON on input line 2631.
Package hyperref Info: Link coloring OFF on input line 2638.
\Hy@abspage=\count125
\c@Item=\count126
)
*hyperref using driver hpdftex*
(/opt/local/share/texmf-dist/tex/latex/hyperref/hpdftex.def
File: hpdftex.def 2003/11/30 v6.74m Hyperref driver for pdfTeX

(/opt/local/share/texmf-dist/tex/latex/psnfss/pifont.sty
Package: pifont 2004/09/15 PSNFSS-v9.2 Pi font support (SPQR) 
LaTeX Font Info:    Try loading font information for U+pzd on input line 63.

(/opt/local/share/texmf-dist/tex/latex/psnfss/upzd.fd
File: upzd.fd 2001/06/04 font definitions for U/pzd.
)
LaTeX Font Info:    Try loading font information for U+psy on input line 64.

(/opt/local/share/texmf-dist/tex/latex/psnfss/upsy.fd
File: upsy.fd 2001/06/04 font definitions for U/psy.
))
\Fld@listcount=\count127
\@outlinefile=\write3
)
(/opt/local/share/texmf-dist/tex/latex/graphics/graphicx.sty
Package: graphicx 1999/02/16 v1.0f Enhanced LaTeX Graphics (DPC,SPQR)

(/opt/local/share/texmf-dist/tex/latex/graphics/graphics.sty
Package: graphics 2001/07/07 v1.0n Standard LaTeX Graphics (DPC,SPQR)

(/opt/local/share/texmf-dist/tex/latex/graphics/trig.sty
Package: trig 1999/03/16 v1.09 sin cos tan (DPC)
)
(/opt/local/share/texmf-dist/tex/latex/graphics/graphics.cfg
File: graphics.cfg 2005/02/03 v1.3 graphics configuration of teTeX/TeXLive
)
Package graphics Info: Driver file: pdftex.def on input line 80.

(/opt/local/share/texmf-dist/tex/latex/graphics/pdftex.def
File: pdftex.def 2002/06/19 v0.03k graphics/color for pdftex
\Gread@gobject=\count128
))
\Gin@req@height=\dimen134
\Gin@req@width=\dimen135
))
(./classicthesis.sty
Package: classicthesis 2007/11/01 v2.3 Typographic Style for a classic-looking 
thesis
 (/opt/local/share/texmf-dist/tex/latex/oberdiek/ifpdf.sty
Package: ifpdf 2001/06/14 v1.0 Providing \ifpdf (HO)
Package ifpdf Info: pdfTeX in pdf mode detected on input line 140.
) (/opt/local/share/texmf-dist/tex/latex/xcolor/xcolor.sty
Package: xcolor 2004/07/04 v2.00 LaTeX color extensions (UK)

(/opt/local/share/texmf-dist/tex/latex/graphics/color.cfg
File: color.cfg 2005/02/03 v1.3 color configuration of teTeX/TeXLive
)
Package xcolor Info: Driver file: pdftex.def on input line 136.
Package xcolor Info: Color model `cmy' added on input line 972.
Package xcolor Info: Color model `hsb' added on input line 980.
Package xcolor Info: Color model `HTML' added on input line 1000.
Package xcolor Info: Color model `HSB' added on input line 1006.
Package xcolor Info: Color model `Gray' added on input line 1012.

(/opt/local/share/texmf-dist/tex/latex/graphics/dvipsnam.def
File: dvipsnam.def 1999/02/16 v3.0i Driver-dependant file (DPC,SPQR)
))
(/opt/local/share/texmf-dist/tex/latex/psnfss/mathpazo.sty
Package: mathpazo 2004/09/15 PSNFSS-v9.2 Palatino w/ Pazo Math (D.Puga, WaS) 
\symupright=\mathgroup4
)
(/opt/local/share/texmf-dist/tex/latex/eulervm/eulervm.sty
Package: eulervm 2005/01/11 v4.0 (WaS)
)
(/opt/local/share/texmf-dist/tex/latex/microtype/microtype.sty
Package: microtype 2005/02/02 v1.6a Micro-typography with pdfTeX (RS)
\MT@count=\count129
Package microtype Info: Trying to load local config file `microtype.cfg' ...

(/opt/local/share/texmf-dist/tex/latex/microtype/microtype.cfg
File: microtype.cfg 2005/01/11 v1.5 microtype configuration file (RS)
)
Package microtype Info: ... local config file loaded successfully.
Package microtype Info: Generating PDF output.
Package microtype Info: Character protrusion enabled (level 2).
Package microtype Info: Using default protrusion set `alltext'.
Package microtype Info: Automatic font expansion enabled (level 2),
(microtype)             stretch: 20 / shrink: 20 / step: 4 / non-selected.
Package microtype Info: Using default expansion set `basictext'.
)
(/opt/local/share/texmf-dist/tex/latex/booktabs/booktabs.sty
Package: booktabs 2003/03/28 v1.618 publication quality tables
\heavyrulewidth=\dimen136
\lightrulewidth=\dimen137
\cmidrulewidth=\dimen138
\belowrulesep=\dimen139
\belowbottomsep=\dimen140
\aboverulesep=\dimen141
\abovetopsep=\dimen142
\cmidrulesep=\dimen143
\cmidrulekern=\dimen144
\defaultaddspace=\dimen145
\@cmidla=\count130
\@cmidlb=\count131
\@aboverulesep=\dimen146
\@belowrulesep=\dimen147
\@thisruleclass=\count132
\@lastruleclass=\count133
\@thisrulewidth=\dimen148
)
(/opt/local/share/texmf-dist/tex/latex/carlisle/textcase.sty
Package: textcase 2004/10/07 v0.07 Text only upper/lower case changing (DPC)
)
(/opt/local/share/texmf-dist/tex/latex/soul/soul.sty
Package: soul 2003/11/17 v2.4 letterspacing/underlining (mf)
\SOUL@word=\toks26
\SOUL@lasttoken=\toks27
\SOUL@cmds=\toks28
\SOUL@buffer=\toks29
\SOUL@token=\toks30
\SOUL@spaceskip=\skip57
\SOUL@ttwidth=\dimen149
\SOUL@uldp=\dimen150
\SOUL@ulht=\dimen151
)
(/opt/local/share/texmf-dist/tex/latex/koma-script/scrpage2.sty
Package: scrpage2 2004/09/05 v2.2a LaTeX2e KOMA package
)
(/opt/local/share/texmf-dist/tex/latex/titlesec/titlesec.sty
Package: titlesec 2005/01/22 v2.6 Sectioning titles
\ttl@box=\box31
\beforetitleunit=\skip58
\aftertitleunit=\skip59
\ttl@plus=\dimen152
\ttl@minus=\dimen153
\titlewidth=\dimen154
\titlewidthlast=\dimen155
\titlewidthfirst=\dimen156
)
(/opt/local/share/texmf-dist/tex/latex/tocloft/tocloft.sty
Package: tocloft 2003/09/26 v2.3c parameterised ToC, etc., typesetting


Package tocloft Note: The document has chapter divisions.

\cftparskip=\skip60
\cftbeforetoctitleskip=\skip61
\cftaftertoctitleskip=\skip62
\cftbeforepartskip=\skip63
\cftpartnumwidth=\skip64
\cftpartindent=\skip65
\cftbeforechapskip=\skip66
\cftchapindent=\skip67
\cftchapnumwidth=\skip68
\cftbeforesecskip=\skip69
\cftsecindent=\skip70
\cftsecnumwidth=\skip71
\cftbeforesubsecskip=\skip72
\cftsubsecindent=\skip73
\cftsubsecnumwidth=\skip74
\cftbeforesubsubsecskip=\skip75
\cftsubsubsecindent=\skip76
\cftsubsubsecnumwidth=\skip77
\cftbeforeparaskip=\skip78
\cftparaindent=\skip79
\cftparanumwidth=\skip80
\cftbeforesubparaskip=\skip81
\cftsubparaindent=\skip82
\cftsubparanumwidth=\skip83
\cftbeforeloftitleskip=\skip84
\cftafterloftitleskip=\skip85
\cftbeforefigskip=\skip86
\cftfigindent=\skip87
\cftfignumwidth=\skip88
\cftbeforelottitleskip=\skip89
\cftafterlottitleskip=\skip90
\cftbeforetabskip=\skip91
\cfttabindent=\skip92
\cfttabnumwidth=\skip93
\cftbeforesubfigskip=\skip94
\cftsubfigindent=\skip95
\cftsubfignumwidth=\skip96
\cftbeforesubtabskip=\skip97
\cftsubtabindent=\skip98
\cftsubtabnumwidth=\skip99
)
\newnumberwidth=\skip100
\beforebibskip=\skip101
\figurelabelwidth=\skip102
\tablelabelwidth=\skip103
 (/opt/local/share/texmf-dist/tex/latex/koma-script/scrtime.sty
Package: scrtime 2002/02/02 v1.1m LaTeX2e KOMA package
))

Package scrpage2 Warning: you've used pagestyle ``headings''.
(scrpage2)                You should not use this pagestyle with a
(scrpage2)                scrpage2-pagestyle!
(scrpage2)                You should use pagestyle ``useheadings'' instead
(scrpage2)                 on input line 7.

(/opt/local/share/texmf-dist/tex/latex/base/inputenc.sty
Package: inputenc 2004/02/05 v1.0d Input encoding file

(/opt/local/share/texmf-dist/tex/latex/base/latin1.def
File: latin1.def 2004/02/05 v1.0d Input encoding file
))
(/opt/local/share/texmf-dist/tex/latex/pgf/pgf.sty
Package: pgf 2004/10/08 ver 0.65
\pgf@objectcount=\count134
\pgfex=\dimen157
\pgfem=\dimen158
\pgf@linewidth=\dimen159
\pgfpic=\box32
\pgf@hbox=\box33
\pgf@tempbox=\box34
\pgf@aax=\dimen160
\pgf@aay=\dimen161
\pgf@abx=\dimen162
\pgf@aby=\dimen163
\pgf@bax=\dimen164
\pgf@bay=\dimen165
\pgf@bbx=\dimen166
\pgf@bby=\dimen167
\pgf@tempdim=\dimen168
\pgf@x=\dimen169
\pgf@y=\dimen170
\pgf@xa=\dimen171
\pgf@ya=\dimen172
\pgf@xb=\dimen173
\pgf@yb=\dimen174
\pgf@xc=\dimen175
\pgf@yc=\dimen176
\pgfobjectbox=\box35
\pgf@xx=\dimen177
\pgf@xy=\dimen178
\pgf@yx=\dimen179
\pgf@yy=\dimen180
\pgf@zx=\dimen181
\pgf@zy=\dimen182
\pgf@counta=\count135
\pgf@countb=\count136
)
(/opt/local/share/texmf-dist/tex/latex/base/makeidx.sty
Package: makeidx 2000/03/29 v1.0m Standard LaTeX package
)
Package hyperref Info: Option `colorlinks' set `true' on input line 49.
Package hyperref Info: Option `linktocpage' set `true' on input line 49.
Package hyperref Info: Option `breaklinks' set `true' on input line 49.
Package hyperref Info: Option `pageanchor' set `true' on input line 49.
Package hyperref Info: Option `plainpages' set `false' on input line 49.
Package hyperref Info: Option `bookmarksnumbered' set `true' on input line 49.
Package hyperref Info: Option `bookmarksopen' set `true' on input line 49.
Package hyperref Info: Option `hypertexnames' set `true' on input line 49.
\@indexfile=\write4
\openout4 = `manual_fr.idx'.


Writing index file manual_fr.idx
(./manual_fr.aux)
\openout1 = `manual_fr.aux'.

LaTeX Font Info:    Checking defaults for OML/cmm/m/it on input line 65.
LaTeX Font Info:    ... okay on input line 65.
LaTeX Font Info:    Checking defaults for T1/lmr/m/n on input line 65.
LaTeX Font Info:    Try loading font information for T1+lmr on input line 65.
 (/opt/local/share/texmf-dist/tex/latex/lm/t1lmr.fd
File: t1lmr.fd 2003/07/22 v1.1 Font defs for Latin Modern
)
LaTeX Font Info:    ... okay on input line 65.
LaTeX Font Info:    Checking defaults for OT1/cmr/m/n on input line 65.
LaTeX Font Info:    ... okay on input line 65.
LaTeX Font Info:    Checking defaults for OMS/cmsy/m/n on input line 65.
LaTeX Font Info:    ... okay on input line 65.
LaTeX Font Info:    Checking defaults for OMX/cmex/m/n on input line 65.
LaTeX Font Info:    ... okay on input line 65.
LaTeX Font Info:    Checking defaults for U/cmr/m/n on input line 65.
LaTeX Font Info:    ... okay on input line 65.
LaTeX Font Info:    Checking defaults for TS1/cmr/m/n on input line 65.
LaTeX Font Info:    Try loading font information for TS1+cmr on input line 65.

(/opt/local/share/texmf-dist/tex/latex/base/ts1cmr.fd
File: ts1cmr.fd 1999/05/25 v2.5h Standard LaTeX font definitions
)
LaTeX Font Info:    ... okay on input line 65.
LaTeX Font Info:    Checking defaults for PD1/pdf/m/n on input line 65.
LaTeX Font Info:    ... okay on input line 65.
LaTeX Font Info:    Try loading font information for T1+pplj on input line 65.

(/opt/local/share/texmf-dist/tex/latex/psnfss/t1pplj.fd
File: t1pplj.fd 2004/09/06 font definitions for T1/pplj.
)
(/opt/local/share/texmf-dist/tex/latex/microtype/mt-ppl.cfg
File: mt-ppl.cfg 2005/01/11 v1.4 microtype config. file: Palatino (RS)
)

Package frenchb.ldf Warning: The definition of \@makecaption has been changed,
(frenchb.ldf)                frenchb will NOT customize it;
(frenchb.ldf)                reported on input line 65.

LaTeX Info: Redefining \dots on input line 65.
(/opt/local/share/texmf-dist/tex/latex/ms/ragged2e.sty
Package: ragged2e 2003/03/25 v2.04 ragged2e Package (MS)

(/opt/local/share/texmf-dist/tex/latex/ms/everysel.sty
Package: everysel 1999/06/08 v1.03 EverySelectfont Package (MS)
LaTeX Info: Redefining \selectfont on input line 125.
)
\CenteringLeftskip=\skip104
\RaggedLeftLeftskip=\skip105
\RaggedRightLeftskip=\skip106
\CenteringRightskip=\skip107
\RaggedLeftRightskip=\skip108
\RaggedRightRightskip=\skip109
\CenteringParfillskip=\skip110
\RaggedLeftParfillskip=\skip111
\RaggedRightParfillskip=\skip112
\JustifyingParfillskip=\skip113
\CenteringParindent=\skip114
\RaggedLeftParindent=\skip115
\RaggedRightParindent=\skip116
\JustifyingParindent=\skip117
)
Package caption Info: listings package v1.2 (or newer) detected on input line 6
5.
Package hyperref Info: Link coloring ON on input line 65.

(/opt/local/share/texmf-dist/tex/latex/hyperref/nameref.sty
Package: nameref 2003/12/03 v2.21 Cross-referencing by name of section
\c@section@level=\count137
)
LaTeX Info: Redefining \ref on input line 65.
LaTeX Info: Redefining \pageref on input line 65.
 (./manual_fr.out)
(./manual_fr.out)
\openout3 = `manual_fr.out'.

 (/opt/local/share/texmf-dist/tex/context/base/supp-pdf.tex
(/opt/local/share/texmf-dist/tex/context/base/supp-mis.tex
loading : Context Support Macros / Miscellaneous (2004.10.26)
\protectiondepth=\count138
\scratchcounter=\count139
\scratchtoks=\toks31
\scratchdimen=\dimen183
\scratchskip=\skip118
\scratchmuskip=\muskip12
\scratchbox=\box36
\scratchread=\read1
\scratchwrite=\write5
\zeropoint=\dimen184
\onepoint=\dimen185
\onebasepoint=\dimen186
\minusone=\count140
\thousandpoint=\dimen187
\onerealpoint=\dimen188
\emptytoks=\toks32
\nextbox=\box37
\nextdepth=\dimen189
\everyline=\toks33
\!!counta=\count141
\!!countb=\count142
\recursecounter=\count143
)
loading : Context Support Macros / PDF (2004.03.26)
\nofMPsegments=\count144
\nofMParguments=\count145
\MPscratchCnt=\count146
\MPscratchDim=\dimen190
\MPnumerator=\count147
\everyMPtoPDFconversion=\toks34
)
LaTeX Font Info:    Try loading font information for T1+cmss on input line 70.
 (/opt/local/share/texmf-dist/tex/latex/base/t1cmss.fd
File: t1cmss.fd 1999/05/25 v2.5h Standard LaTeX font definitions
)
LaTeX Font Info:    Try loading font information for U+zeur on input line 70.

(/opt/local/share/texmf-dist/tex/latex/eulervm/uzeur.fd
File: uzeur.fd 2005/01/11 v4.0 (WaS)
)
LaTeX Font Info:    Try loading font information for U+zeus on input line 70.

(/opt/local/share/texmf-dist/tex/latex/eulervm/uzeus.fd
File: uzeus.fd 2005/01/11 v4.0 (WaS)
)
LaTeX Font Info:    Try loading font information for U+zeuex on input line 70.

(/opt/local/share/texmf-dist/tex/latex/eulervm/uzeuex.fd
File: uzeuex.fd 2005/01/11 v4.0 (WaS)
)
LaTeX Font Info:    Try loading font information for OT1+zplm on input line 70.


(/opt/local/share/texmf-dist/tex/latex/psnfss/ot1zplm.fd
File: ot1zplm.fd 2002/09/08 Fontinst v1.914 font definitions for OT1/zplm.
)
<images/icona_fidocadj_a.png, id=175, 513.92pt x 513.92pt>
File: images/icona_fidocadj_a.png Graphic file (type png)

<use images/icona_fidocadj_a.png> [1


{/opt/local/share/texmf-var/fonts/map/pdftex/updmap/pdftex.map} <./images/icona
_fidocadj_a.png>] [2

] [3

] [4

] [5

] [6

]
LaTeX Font Info:    Try loading font information for TS1+pplj on input line 126
.

(/opt/local/share/texmf-dist/tex/latex/psnfss/ts1pplj.fd
File: ts1pplj.fd 2004/09/06 font definitions for TS1/pplj.
) [7

] (./manual_fr.toc
Overfull \hbox (30.95036pt too wide) in paragraph at lines 16--16
 [][] []\^^@ l e f o r -m a t d e s d e s -s i n s , d e s m a -c r o s e t d e
 s b i -b l i o -t h è q u e s 
 []


Overfull \hbox (33.28679pt too wide) in paragraph at lines 36--36
 [][] []\^^@ e x -t e n -s i o n s s p é -c i -f i q u e s a u x s y s -t è m e
 s d ' e x -p l o i -t a -t i o n  []  
 []

)
\tf@toc=\write6
\openout6 = `manual_fr.toc'.

 [8

] (./manual_fr.lof
Overfull \hbox (12.02379pt too wide) in paragraph at lines 8--8
 [][] []\^^@ La fe-nêtre des pa-ra-mètres du texte en Fi-do-CadJ []  
 []


Overfull \hbox (14.7039pt too wide) in paragraph at lines 10--10
 [][] []\^^@ Commençons à po-si-tion-ner les deux tran-sis-tors. []  
 []


Overfull \hbox (0.29529pt too wide) in paragraph at lines 11--11
 [][] []\^^@ Nous pou-vons sé-lec-tion-ner le tran-sis-tor de gauche 
 []


Overfull \hbox (13.96985pt too wide) in paragraph at lines 14--14
 [][] []\^^@ Voici le cir-cuit ter-miné, dans toute sa splen-deur. []  
 []


Overfull \hbox (8.24092pt too wide) in paragraph at lines 17--17
 \^^@ men-ta-tion po-si-tive à l'aide de deux po-ly-gones. []  
 []


Overfull \hbox (8.4866pt too wide) in paragraph at lines 20--20
 [][] []\^^@ Le tra-vail ter-miné, avec toutes les sé-ri-gra-phies. []  
 []

)
\tf@lof=\write7
\openout7 = `manual_fr.lof'.

 (./manual_fr.lot
Underfull \vbox (badness 10000) has occurred while \output is active []

 [9

])
\tf@lot=\write8
\openout8 = `manual_fr.lot'.


[10]
Chapitre 1.
LaTeX Font Info:    Font shape `T1/pplj/m/sl' in size <10> not available
(Font)              Font shape `T1/pplj/m/it' tried instead on input line 178.
LaTeX Font Info:    Font shape `T1/pplj/m/sl' in size <8> not available
(Font)              Font shape `T1/pplj/m/it' tried instead on input line 178.
[1

] [2] [3]
Chapitre 2.
<images/fidocadj_macosx_fr.png, id=403, 1059.96pt x 794.97pt>
File: images/fidocadj_macosx_fr.png Graphic file (type png)

<use images/fidocadj_macosx_fr.png>
<images/fidocadj_metal.png, id=404, 1085.05376pt x 621.32124pt>
File: images/fidocadj_metal.png Graphic file (type png)

<use images/fidocadj_metal.png>
<images/icons/arrow.png, id=405, 32.12pt x 32.12pt>
File: images/icons/arrow.png Graphic file (type png)

<use images/icons/arrow.png>
<images/icons/magnifier.png, id=406, 32.12pt x 32.12pt>
File: images/icons/magnifier.png Graphic file (type png)

<use images/icons/magnifier.png>
<images/icons/move.png, id=407, 32.12pt x 32.12pt>
File: images/icons/move.png Graphic file (type png)
 <use images/icons/move.png>
<images/icons/line.png, id=408, 32.12pt x 32.12pt>
File: images/icons/line.png Graphic file (type png)
 <use images/icons/line.png>
<images/icons/text.png, id=409, 32.12pt x 32.12pt>
File: images/icons/text.png Graphic file (type png)
 <use images/icons/text.png>
<images/icons/bezier.png, id=410, 32.12pt x 32.12pt>
File: images/icons/bezier.png Graphic file (type png)

<use images/icons/bezier.png>
<images/icons/polygon.png, id=411, 32.12pt x 32.12pt>
File: images/icons/polygon.png Graphic file (type png)

<use images/icons/polygon.png>
<images/icons/ellipse.png, id=412, 32.12pt x 32.12pt>
File: images/icons/ellipse.png Graphic file (type png)

<use images/icons/ellipse.png>
<images/icons/rectangle.png, id=413, 32.12pt x 32.12pt>
File: images/icons/rectangle.png Graphic file (type png)

<use images/icons/rectangle.png>
<images/icons/connection.png, id=414, 32.12pt x 32.12pt>
File: images/icons/connection.png Graphic file (type png)

<use images/icons/connection.png>
<images/icons/pcbline.png, id=415, 32.12pt x 32.12pt>
File: images/icons/pcbline.png Graphic file (type png)

<use images/icons/pcbline.png>
<images/icons/pcbpad.png, id=416, 32.12pt x 32.12pt>
File: images/icons/pcbpad.png Graphic file (type png)

<use images/icons/pcbpad.png>
Overfull \hbox (84.86899pt too wide) in paragraph at lines 232--362
 [][] 
 []

<images/ricerca.png, id=417, 239.89626pt x 239.89626pt>
File: images/ricerca.png Graphic file (type png)

<use images/ricerca.png>
<images/param_testo.png, id=418, 455.7025pt x 304.13625pt>
File: images/param_testo.png Graphic file (type png)

<use images/param_testo.png> [4

] [5 <./images/fidocadj_macosx_fr.png> <./images/fidocadj_metal.png> <./images/
ricerca.png>] [6 <./images/icons/arrow.png> <./images/icons/magnifier.png> <./i
mages/icons/move.png> <./images/icons/line.png> <./images/icons/text.png> <./im
ages/icons/bezier.png> <./images/icons/polygon.png> <./images/icons/ellipse.png
> <./images/icons/rectangle.png> <./images/icons/connection.png> <./images/icon
s/pcbline.png> <./images/icons/pcbpad.png>]
(./images/schema.pgf)
<images/fidocadj_fase1.png, id=453, 1084.05pt x 620.3175pt>
File: images/fidocadj_fase1.png Graphic file (type png)

<use images/fidocadj_fase1.png>
<images/fidocadj_fase2.png, id=454, 1084.05pt x 620.3175pt>
File: images/fidocadj_fase2.png Graphic file (type png)

<use images/fidocadj_fase2.png> [7 <./images/param_testo.png>] [8 <./images/fid
ocadj_fase1.png> <./images/fidocadj_fase2.png>]
<images/fidocadj_fase3.png, id=466, 1084.05pt x 620.3175pt>
File: images/fidocadj_fase3.png Graphic file (type png)

<use images/fidocadj_fase3.png>
<images/fidocadj_fase4.png, id=467, 1084.05pt x 620.3175pt>
File: images/fidocadj_fase4.png Graphic file (type png)

<use images/fidocadj_fase4.png>
<images/fidocadj_fase5.png, id=468, 1084.05pt x 620.3175pt>
File: images/fidocadj_fase5.png Graphic file (type png)

<use images/fidocadj_fase5.png> [9 <./images/fidocadj_fase3.png>] [10 <./images
/fidocadj_fase4.png> <./images/fidocadj_fase5.png>]
LaTeX Font Info:    Try loading font information for T1+cmtt on input line 442.


(/opt/local/share/texmf-dist/tex/latex/base/t1cmtt.fd
File: t1cmtt.fd 1999/05/25 v2.5h Standard LaTeX font definitions
) [11] [12]
<images/amplificateur.pdf, id=533, 117.43875pt x 93.34875pt>
File: images/amplificateur.pdf Graphic file (type pdf)

<use images/amplificateur.pdf>
<images/amplificateur_phase1.png, id=534, 1084.05pt x 620.3175pt>
File: images/amplificateur_phase1.png Graphic file (type png)

<use images/amplificateur_phase1.png> [13 <./images/amplificateur.pdf> <./image
s/amplificateur_phase1.png>]
<images/amplificateur_phase2.png, id=560, 1084.05pt x 620.3175pt>
File: images/amplificateur_phase2.png Graphic file (type png)

<use images/amplificateur_phase2.png>
<images/amplificateur_phase3.png, id=561, 1084.05pt x 620.3175pt>
File: images/amplificateur_phase3.png Graphic file (type png)

<use images/amplificateur_phase3.png> [14 <./images/amplificateur_phase2.png> <
./images/amplificateur_phase3.png>]
<images/amplificateur_phase4.png, id=570, 1084.05pt x 620.3175pt>
File: images/amplificateur_phase4.png Graphic file (type png)

<use images/amplificateur_phase4.png>
<images/amplificateur_complet.png, id=571, 835.12pt x 475.7775pt>
File: images/amplificateur_complet.png Graphic file (type png)

<use images/amplificateur_complet.png> [15 <./images/amplificateur_phase4.png> 
<./images/amplificateur_complet.png>]
<images/amplificateur_impression.pdf, id=579, 597.23125pt x 845.1575pt>
File: images/amplificateur_impression.pdf Graphic file (type pdf)

<use images/amplificateur_impression.pdf> [16 <./images/amplificateur_impressio
n.pdf>] <images/gyrator.pdf, id=625, 75.28125pt x 39.14626pt>
File: images/gyrator.pdf Graphic file (type pdf)

<use images/gyrator.pdf>
<images/parametri_bezier.png, id=626, 459.7175pt x 385.44pt>
File: images/parametri_bezier.png Graphic file (type png)

<use images/parametri_bezier.png> [17 <./images/gyrator.pdf>] [18 <./images/par
ametri_bezier.png>] [19] [20]
<images/fidocadj_motif.png, id=680, 1041.8925pt x 589.20125pt>
File: images/fidocadj_motif.png Graphic file (type png)

<use images/fidocadj_motif.png> [21 <./images/fidocadj_motif.png>]
Chapitre 3.
[22

]
LaTeX Font Info:    Font shape `T1/pplj/bx/n' in size <10> not available
(Font)              Font shape `T1/pplj/b/n' tried instead on input line 799.
 [23]
Overfull \hbox (19.22572pt too wide) has occurred while \output is active
|\T1/pplj/m/n/9 3. \T1/pplj/m/sc/9 l e f o r -m a t d e s d e s -s i n s , d e 
s m a -c r o s e t d e s b i -b l i o -t h è q u e s f i -d o -c a d 
 []

[24] [25]
Overfull \hbox (19.22572pt too wide) has occurred while \output is active
|\T1/pplj/m/n/9 3. \T1/pplj/m/sc/9 l e f o r -m a t d e s d e s -s i n s , d e 
s m a -c r o s e t d e s b i -b l i o -t h è q u e s f i -d o -c a d 
 []

[26] <images/gyrator_n.pdf, id=759, 75.28125pt x 39.14626pt>
File: images/gyrator_n.pdf Graphic file (type pdf)

<use images/gyrator_n.pdf> [27]
Overfull \hbox (19.22572pt too wide) has occurred while \output is active
|\T1/pplj/m/n/9 3. \T1/pplj/m/sc/9 l e f o r -m a t d e s d e s -s i n s , d e 
s m a -c r o s e t d e s b i -b l i o -t h è q u e s f i -d o -c a d 
 []

[28 <./images/gyrator_n.pdf>] [29]
Chapitre 4.
[30

]
Annexe A.

Overfull \hbox (12.46315pt too wide) in paragraph at lines 1097--1101
[][]\^^@ http ://-sour-ce-forge.net/projects/fidocadj/files/FidoCadJ.dmg/downlo
ad[][] 
 []


Underfull \vbox (badness 2197) has occurred while \output is active []

 [31

]
Underfull \hbox (badness 10000) in paragraph at lines 1108--1109

 []

[32] <images/permessi.png, id=841, 725.71124pt x 496.85625pt>
File: images/permessi.png Graphic file (type png)

<use images/permessi.png> <images/java6.png, id=842, 719.68875pt x 493.845pt>
File: images/java6.png Graphic file (type png)

<use images/java6.png>
Underfull \vbox (badness 10000) has occurred while \output is active []

 [33 <./images/permessi.png> <./images/java6.png>] (./manual_fr.ind [34] [35



]
Overfull \hbox (2.14937pt too wide) in paragraph at lines 174--175
[]\^^@ recherche dans les bi-blio-thèques,
 []

[36]) [37


] (./manual_fr.aux) ) 
Here is how much of TeX's memory you used:
 11582 strings out of 94500
 162728 string characters out of 1174973
 315878 words of memory out of 1000000
 13989 multiletter control sequences out of 10000+50000
 68587 words of font info for 220 fonts, out of 500000 for 2000
 580 hyphenation exceptions out of 1000
 49i,15n,79p,945b,1946s stack positions out of 1500i,500n,5000p,200000b,5000s
PDF statistics:
 1098 PDF objects out of 300000
 284 named destinations out of 131072
 25616 words of extra memory for PDF output out of 65536
</opt/local/share/texmf-dist/fonts/type1/bluesky/cm/cmsy10
.pfb>{/opt/local/share/texmf-dist/fonts/enc/dvips/psnfss/8r.enc}</opt/local/sha
re/texmf-dist/fonts/type1/urw/palatino/uplb8a.pfb></opt/local/share/texmf-dist/
fonts/type1/bluesky/euler/eurm7.pfb></opt/local/share/texmf-dist/fonts/type1/pu
blic/fpl/fplrc8a.pfb></opt/local/share/texmf-dist/fonts/type1/bluesky/euler/euf
m10.pfb></opt/local/share/texmf-dist/fonts/type1/urw/palatino/uplri8a.pfb></opt
/local/share/texmf-dist/fonts/type1/public/fpl/fplrc8a.pfb></opt/local/share/te
xmf-dist/fonts/type1/bluesky/latex/lcircle1.pfb> </var/tmp/texfonts/pk/ljfour/j
knappen/ec/ectt0900.600pk></opt/local/share/texmf-dist/fonts/type1/public/fpl/f
plrc8a.pfb></opt/local/share/texmf-dist/fonts/type1/urw/palatino/uplri8a.pfb></
opt/local/share/texmf-dist/fonts/type1/public/fpl/fplrc8a.pfb></opt/local/share
/texmf-dist/fonts/type1/public/fpl/fplrc8a.pfb></opt/local/share/texmf-dist/fon
ts/type1/urw/palatino/uplri8a.pfb></opt/local/share/texmf-dist/fonts/type1/publ
ic/fpl/fplrij8a.pfb></opt/local/share/texmf-dist/fonts/type1/urw/palatino/uplri
8a.pfb></opt/local/share/texmf-dist/fonts/type1/public/fpl/fplrc8a.pfb></opt/lo
cal/share/texmf-dist/fonts/type1/public/fpl/fplrc8a.pfb></opt/local/share/texmf
-dist/fonts/type1/urw/palatino/uplr8a.pfb></opt/local/share/texmf-dist/fonts/ty
pe1/bluesky/euler/eurb10.pfb></opt/local/share/texmf-dist/fonts/type1/bluesky/e
uler/eurm10.pfb></opt/local/share/texmf-dist/fonts/type1/public/fpl/fplrc8a.pfb
></opt/local/share/texmf-dist/fonts/type1/public/fpl/fplrc8a.pfb></opt/local/sh
are/texmf-dist/fonts/type1/urw/palatino/uplr8a.pfb></opt/local/share/texmf-dist
/fonts/type1/urw/palatino/uplr8a.pfb></opt/local/share/texmf-dist/fonts/type1/u
rw/palatino/uplr8a.pfb></opt/local/share/texmf-dist/fonts/type1/urw/palatino/up
lr8a.pfb></opt/local/share/texmf-dist/fonts/type1/urw/palatino/uplr8a.pfb></opt
/local/share/texmf-dist/fonts/type1/urw/palatino/uplr8a.pfb></opt/local/share/t
exmf-dist/fonts/type1/urw/palatino/uplr8a.pfb></opt/local/share/texmf-dist/font
s/type1/public/fpl/fplrc8a.pfb></opt/local/share/texmf-dist/fonts/type1/urw/pal
atino/uplr8a.pfb></opt/local/share/texmf-dist/fonts/type1/urw/palatino/uplr8a.p
fb></opt/local/share/texmf-dist/fonts/type1/public/fpl/fplrc8a.pfb></opt/local/
share/texmf-dist/fonts/type1/urw/palatino/uplr8a.pfb> </var/tmp/texfonts/pk/ljf
our/jknappen/ec/ecsx2488.600pk>
Output written on manual_fr.pdf (47 pages, 2275518 bytes).
