This is pdfeTeX, Version 3.141592-1.21a-2.2 (Web2C 7.5.4) (format=pdflatex 2006.4.13)  11 OCT 2009 23:46
entering extended mode
**manual_en
(./manual_en.tex
LaTeX2e <2003/12/01>
Babel <v3.8d> and hyphenation patterns for american, french, german, ngerman, b
ahasa, basque, bulgarian, catalan, croatian, czech, danish, dutch, esperanto, e
stonian, finnish, greek, icelandic, irish, italian, latin, magyar, norsk, polis
h, portuges, romanian, russian, serbian, slovak, slovene, spanish, swedish, tur
kish, ukrainian, nohyphenation, loaded.
(/opt/local/share/texmf-dist/tex/latex/koma-script/scrreprt.cls
Document Class: scrreprt 2004/09/16 v2.9t LaTeX2e KOMA document class
(/opt/local/share/texmf-dist/tex/latex/koma-script/scrlfile.sty
Package: scrlfile 2004/09/16 v2.9t LaTeX2e KOMA package

Package scrlfile, 2004/09/16 v2.9t LaTeX2e KOMA package
                  Copyright (C) Markus Kohm

) (/opt/local/share/texmf-dist/tex/latex/base/size10.clo
File: size10.clo 2004/02/16 v1.4f Standard LaTeX file (size option)
)
(/opt/local/share/texmf-dist/tex/latex/koma-script/typearea.sty
Package: typearea 2004/09/16 v2.9t LaTeX2e KOMA package

Package typearea, 2004/09/16 v2.9t LaTeX2e KOMA package
                  Copyright (C) Frank Neukam, 1992-1994
                  Copyright (C) Markus Kohm, 1994-2002

\ta@bcor=\skip41
\ta@div=\count79
\ta@hblk=\skip42
\ta@vblk=\skip43
\ta@temp=\skip44
Package typearea Info: These are the values describing the layout:
(typearea)             DIV  = 8
(typearea)             BCOR = 0.0pt
(typearea)             \paperwidth      = 597.50793pt
(typearea)              \textwidth      = 373.44246pt
(typearea)              \columnwidth    = 0.0pt
(typearea)              \columnsep      = 0.0pt
(typearea)              DIV-departure   = -4/100
(typearea)              \evensidemargin = 77.107pt
(typearea)              \oddsidemargin  = 2.4185pt
(typearea)             \paperheight     = 845.04694pt
(typearea)              \textheight     = 538.0pt
(typearea)              \topmargin      = 0.36087pt
(typearea)              \headheight     = 15.0pt
(typearea)              \headsep        = 18.0pt
(typearea)              \topskip        = 10.0pt
(typearea)              \footskip       = 42.0pt
(typearea)              \baselineskip   = 12.0pt
(typearea)              on input line 633.
)
\c@part=\count80
\c@chapter=\count81
\c@section=\count82
\c@subsection=\count83
\c@subsubsection=\count84
\c@paragraph=\count85
\c@subparagraph=\count86
\c@figure=\count87
\c@table=\count88
\abovecaptionskip=\skip45
\belowcaptionskip=\skip46
\c@pti@nb@sid@b@x=\box26
\bibindent=\dimen102
) (/opt/local/share/texmf-dist/tex/generic/babel/babel.sty
Package: babel 2004/11/20 v3.8d The Babel package

(/opt/local/share/texmf-dist/tex/generic/babel/english.ldf
Language: english 2004/06/14 v3.3o English support from the babel system

(/opt/local/share/texmf-dist/tex/generic/babel/babel.def
File: babel.def 2004/11/20 v3.8d Babel common definitions
\babel@savecnt=\count89
\U@D=\dimen103
)
\l@british = a dialect from \language\l@english 
\l@UKenglish = a dialect from \language\l@english 
\l@canadian = a dialect from \language\l@american 
\l@australian = a dialect from \language\l@british 
\l@newzealand = a dialect from \language\l@british 
))
(./classicthesis-ldpkg.sty
Package: classicthesis-ldpkg 2007/11/01 v2.3 Package Loader for Classic Thesis 
Style

(/opt/local/share/texmf-dist/tex/latex/base/ifthen.sty
Package: ifthen 2001/05/26 v1.1c Standard LaTeX ifthen package (DPC)
)
(/opt/local/share/texmf-dist/tex/latex/base/fontenc.sty
Package: fontenc 2004/02/22 v1.99f Standard LaTeX package

(/opt/local/share/texmf-dist/tex/latex/base/t1enc.def
File: t1enc.def 2004/02/22 v1.99f Standard LaTeX file
LaTeX Font Info:    Redeclaring font encoding T1 on input line 43.
))
(/opt/local/share/texmf-dist/tex/latex/base/textcomp.sty
Package: textcomp 2004/02/22 v1.99f Standard LaTeX package
Package textcomp Info: Sub-encoding information:
(textcomp)               5 = only ISO-Adobe without \textcurrency
(textcomp)               4 = 5 + \texteuro
(textcomp)               3 = 4 + \textohm
(textcomp)               2 = 3 + \textestimated + \textcurrency
(textcomp)               1 = TS1 - \textcircled - \t
(textcomp)               0 = TS1 (full)
(textcomp)             Font families with sub-encoding setting implement
(textcomp)             only a restricted character set as indicated.
(textcomp)             Family '?' is the default used for unknown fonts.
(textcomp)             See the documentation for details.
Package textcomp Info: Setting ? sub-encoding to TS1/1 on input line 71.

(/opt/local/share/texmf-dist/tex/latex/base/ts1enc.def
File: ts1enc.def 2001/06/05 v3.0e (jk/car/fm) Standard LaTeX file
)
LaTeX Info: Redefining \oldstylenums on input line 266.
Package textcomp Info: Setting cmr sub-encoding to TS1/0 on input line 281.
Package textcomp Info: Setting cmss sub-encoding to TS1/0 on input line 282.
Package textcomp Info: Setting cmtt sub-encoding to TS1/0 on input line 283.
Package textcomp Info: Setting cmvtt sub-encoding to TS1/0 on input line 284.
Package textcomp Info: Setting cmbr sub-encoding to TS1/0 on input line 285.
Package textcomp Info: Setting cmtl sub-encoding to TS1/0 on input line 286.
Package textcomp Info: Setting ccr sub-encoding to TS1/0 on input line 287.
Package textcomp Info: Setting ptm sub-encoding to TS1/4 on input line 288.
Package textcomp Info: Setting pcr sub-encoding to TS1/4 on input line 289.
Package textcomp Info: Setting phv sub-encoding to TS1/4 on input line 290.
Package textcomp Info: Setting ppl sub-encoding to TS1/3 on input line 291.
Package textcomp Info: Setting pag sub-encoding to TS1/4 on input line 292.
Package textcomp Info: Setting pbk sub-encoding to TS1/4 on input line 293.
Package textcomp Info: Setting pnc sub-encoding to TS1/4 on input line 294.
Package textcomp Info: Setting pzc sub-encoding to TS1/4 on input line 295.
Package textcomp Info: Setting bch sub-encoding to TS1/4 on input line 296.
Package textcomp Info: Setting put sub-encoding to TS1/5 on input line 297.
Package textcomp Info: Setting uag sub-encoding to TS1/5 on input line 298.
Package textcomp Info: Setting ugq sub-encoding to TS1/5 on input line 299.
Package textcomp Info: Setting ul8 sub-encoding to TS1/4 on input line 300.
Package textcomp Info: Setting ul9 sub-encoding to TS1/4 on input line 301.
Package textcomp Info: Setting augie sub-encoding to TS1/5 on input line 302.
Package textcomp Info: Setting dayrom sub-encoding to TS1/3 on input line 303.
Package textcomp Info: Setting dayroms sub-encoding to TS1/3 on input line 304.

Package textcomp Info: Setting pxr sub-encoding to TS1/0 on input line 305.
Package textcomp Info: Setting pxss sub-encoding to TS1/0 on input line 306.
Package textcomp Info: Setting pxtt sub-encoding to TS1/0 on input line 307.
Package textcomp Info: Setting txr sub-encoding to TS1/0 on input line 308.
Package textcomp Info: Setting txss sub-encoding to TS1/0 on input line 309.
Package textcomp Info: Setting txtt sub-encoding to TS1/0 on input line 310.
Package textcomp Info: Setting futs sub-encoding to TS1/4 on input line 311.
Package textcomp Info: Setting futx sub-encoding to TS1/4 on input line 312.
Package textcomp Info: Setting futj sub-encoding to TS1/4 on input line 313.
Package textcomp Info: Setting hlh sub-encoding to TS1/3 on input line 314.
Package textcomp Info: Setting hls sub-encoding to TS1/3 on input line 315.
Package textcomp Info: Setting hlst sub-encoding to TS1/3 on input line 316.
Package textcomp Info: Setting hlct sub-encoding to TS1/5 on input line 317.
Package textcomp Info: Setting hlx sub-encoding to TS1/5 on input line 318.
Package textcomp Info: Setting hlce sub-encoding to TS1/5 on input line 319.
Package textcomp Info: Setting hlcn sub-encoding to TS1/5 on input line 320.
Package textcomp Info: Setting hlcw sub-encoding to TS1/5 on input line 321.
Package textcomp Info: Setting hlcf sub-encoding to TS1/5 on input line 322.
Package textcomp Info: Setting pplx sub-encoding to TS1/3 on input line 323.
Package textcomp Info: Setting pplj sub-encoding to TS1/3 on input line 324.
Package textcomp Info: Setting ptmx sub-encoding to TS1/4 on input line 325.
Package textcomp Info: Setting ptmj sub-encoding to TS1/4 on input line 326.
)
(/opt/local/share/texmf-dist/tex/latex/tools/xspace.sty
Package: xspace 1997/10/13 v1.06 Space after command names (DPC)
)
(/opt/local/share/texmf-dist/tex/latex/tools/tabularx.sty
Package: tabularx 1999/01/07 v2.07 `tabularx' package (DPC)

(/opt/local/share/texmf-dist/tex/latex/tools/array.sty
Package: array 2003/12/17 v2.4a Tabular extension package (FMi)
\col@sep=\dimen104
\extrarowheight=\dimen105
\NC@list=\toks14
\extratabsurround=\skip47
\backup@length=\skip48
)
\TX@col@width=\dimen106
\TX@old@table=\dimen107
\TX@old@col=\dimen108
\TX@target=\dimen109
\TX@delta=\dimen110
\TX@cols=\count90
\TX@ftn=\toks15
)
(/opt/local/share/texmf-dist/tex/latex/mparhack/mparhack.sty
Package: mparhack 2003/05/22 v1.3a (T. Sgouros and S. Ulrich)
)
(/opt/local/share/texmf-dist/tex/latex/base/fixltx2e.sty
Package: fixltx2e 2004/02/13 v1.1h fixes to LaTeX
LaTeX Info: Redefining \@fnsymbol on input line 371.
LaTeX Info: Redefining \em on input line 403.
)
(/opt/local/share/texmf-dist/tex/latex/amsmath/amsmath.sty
Package: amsmath 2000/07/18 v2.13 AMS math features
\@mathmargin=\skip49

For additional information on amsmath, use the `?' option.
(/opt/local/share/texmf-dist/tex/latex/amsmath/amstext.sty
Package: amstext 2000/06/29 v2.01

(/opt/local/share/texmf-dist/tex/latex/amsmath/amsgen.sty
File: amsgen.sty 1999/11/30 v2.0
\@emptytoks=\toks16
\ex@=\dimen111
))
(/opt/local/share/texmf-dist/tex/latex/amsmath/amsbsy.sty
Package: amsbsy 1999/11/29 v1.2d
\pmbraise@=\dimen112
)
(/opt/local/share/texmf-dist/tex/latex/amsmath/amsopn.sty
Package: amsopn 1999/12/14 v2.01 operator names
)
\inf@bad=\count91
LaTeX Info: Redefining \frac on input line 211.
\uproot@=\count92
\leftroot@=\count93
LaTeX Info: Redefining \overline on input line 307.
\classnum@=\count94
\DOTSCASE@=\count95
LaTeX Info: Redefining \ldots on input line 379.
LaTeX Info: Redefining \dots on input line 382.
LaTeX Info: Redefining \cdots on input line 467.
\Mathstrutbox@=\box27
\strutbox@=\box28
\big@size=\dimen113
LaTeX Font Info:    Redeclaring font encoding OML on input line 567.
LaTeX Font Info:    Redeclaring font encoding OMS on input line 568.
\macc@depth=\count96
\c@MaxMatrixCols=\count97
\dotsspace@=\muskip10
\c@parentequation=\count98
\dspbrk@lvl=\count99
\tag@help=\toks17
\row@=\count100
\column@=\count101
\maxfields@=\count102
\andhelp@=\toks18
\eqnshift@=\dimen114
\alignsep@=\dimen115
\tagshift@=\dimen116
\tagwidth@=\dimen117
\totwidth@=\dimen118
\lineht@=\dimen119
\@envbody=\toks19
\multlinegap=\skip50
\multlinetaggap=\skip51
\mathdisplay@stack=\toks20
LaTeX Info: Redefining \[ on input line 2666.
LaTeX Info: Redefining \] on input line 2667.
)
(/opt/local/share/texmf-dist/tex/latex/relsize/relsize.sty
Package: relsize 2003/07/04 ver 3.1
)
(/opt/local/share/texmf-dist/tex/latex/acronym/acronym.sty
Package: acronym 2004/11/10 v1.17 Support for acronyms (Tobias Oetiker)
\clearlist=\toks21
)
\c@dummy=\count103

(/opt/local/share/texmf-dist/tex/latex/caption/caption.sty
Package: caption 2004/07/16 v3.0c Customising captions (AS)
\captionmargin=\dimen120
\captionwidth=\dimen121
\captionindent=\dimen122
\captionparindent=\dimen123
\captionhangindent=\dimen124

(/opt/local/share/texmf-dist/tex/latex/graphics/keyval.sty
Package: keyval 1999/03/16 v1.13 key=value parser (DPC)
\KV@toks@=\toks22
))
(/opt/local/share/texmf-dist/tex/latex/carlisle/remreset.sty)
(/opt/local/share/texmf-dist/tex/latex/subfig/subfig.sty
Package: subfig 2004/01/28 ver: 1.2 subfig package
\c@KVtest=\count104
\sf@farskip=\skip52
\sf@captopadj=\dimen125
\sf@capskip=\skip53
\sf@nearskip=\skip54
\c@subfigure=\count105
\c@subfigure@save=\count106
\c@lofdepth=\count107
\c@subtable=\count108
\c@subtable@save=\count109
\c@lotdepth=\count110
\sf@top=\skip55
\sf@bottom=\skip56
)
(/opt/local/share/texmf-dist/tex/latex/listings/listings.sty
\lst@mode=\count111
\lst@gtempboxa=\box29
\lst@token=\toks23
\lst@length=\count112
\lst@currlwidth=\dimen126
\lst@column=\count113
\lst@pos=\count114
\lst@lostspace=\dimen127
\lst@width=\dimen128
\lst@newlines=\count115
\lst@lineno=\count116
\c@lstlisting=\count117
\lst@maxwidth=\dimen129

(/opt/local/share/texmf-dist/tex/latex/listings/lstpatch.sty
File: lstpatch.sty 2004/10/17 1.3b (Carsten Heinz)
)
(/opt/local/share/texmf-dist/tex/latex/listings/lstmisc.sty
File: lstmisc.sty 2004/09/07 1.3 (Carsten Heinz)
\c@lstnumber=\count118
\lst@skipnumbers=\count119
\lst@framebox=\box30
)
(/opt/local/share/texmf-dist/tex/latex/listings/listings.cfg
File: listings.cfg 2004/09/05 1.3 listings configuration
))
Package: listings 2004/10/17 1.3b (Carsten Heinz)

(/opt/local/share/texmf-dist/tex/latex/listings/lstlang1.sty
File: lstlang1.sty 2004/09/05 1.3 listings language file
)
(/opt/local/share/texmf-dist/tex/latex/listings/lstlang2.sty
File: lstlang2.sty 2004/09/05 1.3 listings language file
)
(/opt/local/share/texmf-dist/tex/latex/listings/lstlang3.sty
File: lstlang3.sty 2004/09/05 1.3 listings language file
)
(/opt/local/share/texmf-dist/tex/latex/listings/lstlang1.sty
File: lstlang1.sty 2004/09/05 1.3 listings language file
)
(/opt/local/share/texmf-dist/tex/latex/listings/lstlang2.sty
File: lstlang2.sty 2004/09/05 1.3 listings language file
)
(/opt/local/share/texmf-dist/tex/latex/listings/lstlang3.sty
File: lstlang3.sty 2004/09/05 1.3 listings language file
)
(/opt/local/share/texmf-dist/tex/latex/listings/lstlang1.sty
File: lstlang1.sty 2004/09/05 1.3 listings language file
)
(/opt/local/share/texmf-dist/tex/latex/listings/lstlang2.sty
File: lstlang2.sty 2004/09/05 1.3 listings language file
)
(/opt/local/share/texmf-dist/tex/latex/listings/lstlang3.sty
File: lstlang3.sty 2004/09/05 1.3 listings language file
)
(/opt/local/share/texmf-dist/tex/latex/listings/lstmisc.sty
File: lstmisc.sty 2004/09/07 1.3 (Carsten Heinz)
)
(/opt/local/share/texmf-dist/tex/latex/hyperref/hyperref.sty
Package: hyperref 2003/11/30 v6.74m Hypertext links for LaTeX
\@linkdim=\dimen130
\Hy@linkcounter=\count120
\Hy@pagecounter=\count121

(/opt/local/share/texmf-dist/tex/latex/hyperref/pd1enc.def
File: pd1enc.def 2003/11/30 v6.74m Hyperref: PDFDocEncoding definition (HO)
)
(/opt/local/share/texmf-dist/tex/latex/hyperref/hyperref.cfg
File: hyperref.cfg 2002/06/06 v1.2 hyperref configuration of TeXLive and teTeX
)
Package hyperref Info: Option `hyperfootnotes' set `false' on input line 1830.
Package hyperref Info: Option `pdfpagelabels' set `true' on input line 1830.
Package hyperref Info: Hyper figures OFF on input line 1880.
Package hyperref Info: Link nesting OFF on input line 1885.
Package hyperref Info: Hyper index ON on input line 1888.
Package hyperref Info: Plain pages ON on input line 1893.
Package hyperref Info: Backreferencing ON on input line 1898.

Implicit mode ON; LaTeX internals redefined
Package hyperref Info: Bookmarks ON on input line 2004.
(/opt/local/share/texmf-dist/tex/latex/hyperref/backref.sty
Package: backref 2003/03/20 v1.23 Bibliographical back referencing
)
(/opt/local/share/texmf-dist/tex/latex/url/url.sty
\Urlmuskip=\muskip11
Package: url 2004/03/15  ver 3.1  Verb mode for urls, etc.
)
LaTeX Info: Redefining \url on input line 2143.
\Fld@menulength=\count122
\Field@Width=\dimen131
\Fld@charsize=\dimen132
\Choice@toks=\toks24
\Field@toks=\toks25
Package hyperref Info: Hyper figures OFF on input line 2618.
Package hyperref Info: Link nesting OFF on input line 2623.
Package hyperref Info: Hyper index ON on input line 2626.
Package hyperref Info: backreferencing ON on input line 2631.
Package hyperref Info: Link coloring OFF on input line 2638.
\Hy@abspage=\count123
\c@Item=\count124
)
*hyperref using driver hpdftex*
(/opt/local/share/texmf-dist/tex/latex/hyperref/hpdftex.def
File: hpdftex.def 2003/11/30 v6.74m Hyperref driver for pdfTeX

(/opt/local/share/texmf-dist/tex/latex/psnfss/pifont.sty
Package: pifont 2004/09/15 PSNFSS-v9.2 Pi font support (SPQR) 
LaTeX Font Info:    Try loading font information for U+pzd on input line 63.

(/opt/local/share/texmf-dist/tex/latex/psnfss/upzd.fd
File: upzd.fd 2001/06/04 font definitions for U/pzd.
)
LaTeX Font Info:    Try loading font information for U+psy on input line 64.

(/opt/local/share/texmf-dist/tex/latex/psnfss/upsy.fd
File: upsy.fd 2001/06/04 font definitions for U/psy.
))
\Fld@listcount=\count125
\@outlinefile=\write3
)
(/opt/local/share/texmf-dist/tex/latex/graphics/graphicx.sty
Package: graphicx 1999/02/16 v1.0f Enhanced LaTeX Graphics (DPC,SPQR)

(/opt/local/share/texmf-dist/tex/latex/graphics/graphics.sty
Package: graphics 2001/07/07 v1.0n Standard LaTeX Graphics (DPC,SPQR)

(/opt/local/share/texmf-dist/tex/latex/graphics/trig.sty
Package: trig 1999/03/16 v1.09 sin cos tan (DPC)
)
(/opt/local/share/texmf-dist/tex/latex/graphics/graphics.cfg
File: graphics.cfg 2005/02/03 v1.3 graphics configuration of teTeX/TeXLive
)
Package graphics Info: Driver file: pdftex.def on input line 80.

(/opt/local/share/texmf-dist/tex/latex/graphics/pdftex.def
File: pdftex.def 2002/06/19 v0.03k graphics/color for pdftex
\Gread@gobject=\count126
))
\Gin@req@height=\dimen133
\Gin@req@width=\dimen134
))
(./classicthesis.sty
Package: classicthesis 2007/11/01 v2.3 Typographic Style for a classic-looking 
thesis
 (/opt/local/share/texmf-dist/tex/latex/oberdiek/ifpdf.sty
Package: ifpdf 2001/06/14 v1.0 Providing \ifpdf (HO)
Package ifpdf Info: pdfTeX in pdf mode detected on input line 140.
) (/opt/local/share/texmf-dist/tex/latex/xcolor/xcolor.sty
Package: xcolor 2004/07/04 v2.00 LaTeX color extensions (UK)

(/opt/local/share/texmf-dist/tex/latex/graphics/color.cfg
File: color.cfg 2005/02/03 v1.3 color configuration of teTeX/TeXLive
)
Package xcolor Info: Driver file: pdftex.def on input line 136.
Package xcolor Info: Color model `cmy' added on input line 972.
Package xcolor Info: Color model `hsb' added on input line 980.
Package xcolor Info: Color model `HTML' added on input line 1000.
Package xcolor Info: Color model `HSB' added on input line 1006.
Package xcolor Info: Color model `Gray' added on input line 1012.

(/opt/local/share/texmf-dist/tex/latex/graphics/dvipsnam.def
File: dvipsnam.def 1999/02/16 v3.0i Driver-dependant file (DPC,SPQR)
))
(/opt/local/share/texmf-dist/tex/latex/psnfss/mathpazo.sty
Package: mathpazo 2004/09/15 PSNFSS-v9.2 Palatino w/ Pazo Math (D.Puga, WaS) 
\symupright=\mathgroup4
)
(/opt/local/share/texmf-dist/tex/latex/eulervm/eulervm.sty
Package: eulervm 2005/01/11 v4.0 (WaS)
)
(/opt/local/share/texmf-dist/tex/latex/microtype/microtype.sty
Package: microtype 2005/02/02 v1.6a Micro-typography with pdfTeX (RS)
\MT@count=\count127
Package microtype Info: Trying to load local config file `microtype.cfg' ...

(/opt/local/share/texmf-dist/tex/latex/microtype/microtype.cfg
File: microtype.cfg 2005/01/11 v1.5 microtype configuration file (RS)
)
Package microtype Info: ... local config file loaded successfully.
Package microtype Info: Generating PDF output.
Package microtype Info: Character protrusion enabled (level 2).
Package microtype Info: Using default protrusion set `alltext'.
Package microtype Info: Automatic font expansion enabled (level 2),
(microtype)             stretch: 20 / shrink: 20 / step: 4 / non-selected.
Package microtype Info: Using default expansion set `basictext'.
)
(/opt/local/share/texmf-dist/tex/latex/booktabs/booktabs.sty
Package: booktabs 2003/03/28 v1.618 publication quality tables
\heavyrulewidth=\dimen135
\lightrulewidth=\dimen136
\cmidrulewidth=\dimen137
\belowrulesep=\dimen138
\belowbottomsep=\dimen139
\aboverulesep=\dimen140
\abovetopsep=\dimen141
\cmidrulesep=\dimen142
\cmidrulekern=\dimen143
\defaultaddspace=\dimen144
\@cmidla=\count128
\@cmidlb=\count129
\@aboverulesep=\dimen145
\@belowrulesep=\dimen146
\@thisruleclass=\count130
\@lastruleclass=\count131
\@thisrulewidth=\dimen147
)
(/opt/local/share/texmf-dist/tex/latex/carlisle/textcase.sty
Package: textcase 2004/10/07 v0.07 Text only upper/lower case changing (DPC)
)
(/opt/local/share/texmf-dist/tex/latex/soul/soul.sty
Package: soul 2003/11/17 v2.4 letterspacing/underlining (mf)
\SOUL@word=\toks26
\SOUL@lasttoken=\toks27
\SOUL@cmds=\toks28
\SOUL@buffer=\toks29
\SOUL@token=\toks30
\SOUL@spaceskip=\skip57
\SOUL@ttwidth=\dimen148
\SOUL@uldp=\dimen149
\SOUL@ulht=\dimen150
)
(/opt/local/share/texmf-dist/tex/latex/koma-script/scrpage2.sty
Package: scrpage2 2004/09/05 v2.2a LaTeX2e KOMA package
)
(/opt/local/share/texmf-dist/tex/latex/titlesec/titlesec.sty
Package: titlesec 2005/01/22 v2.6 Sectioning titles
\ttl@box=\box31
\beforetitleunit=\skip58
\aftertitleunit=\skip59
\ttl@plus=\dimen151
\ttl@minus=\dimen152
\titlewidth=\dimen153
\titlewidthlast=\dimen154
\titlewidthfirst=\dimen155
)
(/opt/local/share/texmf-dist/tex/latex/tocloft/tocloft.sty
Package: tocloft 2003/09/26 v2.3c parameterised ToC, etc., typesetting


Package tocloft Note: The document has chapter divisions.

\cftparskip=\skip60
\cftbeforetoctitleskip=\skip61
\cftaftertoctitleskip=\skip62
\cftbeforepartskip=\skip63
\cftpartnumwidth=\skip64
\cftpartindent=\skip65
\cftbeforechapskip=\skip66
\cftchapindent=\skip67
\cftchapnumwidth=\skip68
\cftbeforesecskip=\skip69
\cftsecindent=\skip70
\cftsecnumwidth=\skip71
\cftbeforesubsecskip=\skip72
\cftsubsecindent=\skip73
\cftsubsecnumwidth=\skip74
\cftbeforesubsubsecskip=\skip75
\cftsubsubsecindent=\skip76
\cftsubsubsecnumwidth=\skip77
\cftbeforeparaskip=\skip78
\cftparaindent=\skip79
\cftparanumwidth=\skip80
\cftbeforesubparaskip=\skip81
\cftsubparaindent=\skip82
\cftsubparanumwidth=\skip83
\cftbeforeloftitleskip=\skip84
\cftafterloftitleskip=\skip85
\cftbeforefigskip=\skip86
\cftfigindent=\skip87
\cftfignumwidth=\skip88
\cftbeforelottitleskip=\skip89
\cftafterlottitleskip=\skip90
\cftbeforetabskip=\skip91
\cfttabindent=\skip92
\cfttabnumwidth=\skip93
\cftbeforesubfigskip=\skip94
\cftsubfigindent=\skip95
\cftsubfignumwidth=\skip96
\cftbeforesubtabskip=\skip97
\cftsubtabindent=\skip98
\cftsubtabnumwidth=\skip99
)
\newnumberwidth=\skip100
\beforebibskip=\skip101
\figurelabelwidth=\skip102
\tablelabelwidth=\skip103
 (/opt/local/share/texmf-dist/tex/latex/koma-script/scrtime.sty
Package: scrtime 2002/02/02 v1.1m LaTeX2e KOMA package
))

Package scrpage2 Warning: you've used pagestyle ``headings''.
(scrpage2)                You should not use this pagestyle with a
(scrpage2)                scrpage2-pagestyle!
(scrpage2)                You should use pagestyle ``useheadings'' instead
(scrpage2)                 on input line 7.

(/opt/local/share/texmf-dist/tex/latex/base/inputenc.sty
Package: inputenc 2004/02/05 v1.0d Input encoding file

(/opt/local/share/texmf-dist/tex/latex/base/latin1.def
File: latin1.def 2004/02/05 v1.0d Input encoding file
))
(/opt/local/share/texmf-dist/tex/latex/pgf/pgf.sty
Package: pgf 2004/10/08 ver 0.65
\pgf@objectcount=\count132
\pgfex=\dimen156
\pgfem=\dimen157
\pgf@linewidth=\dimen158
\pgfpic=\box32
\pgf@hbox=\box33
\pgf@tempbox=\box34
\pgf@aax=\dimen159
\pgf@aay=\dimen160
\pgf@abx=\dimen161
\pgf@aby=\dimen162
\pgf@bax=\dimen163
\pgf@bay=\dimen164
\pgf@bbx=\dimen165
\pgf@bby=\dimen166
\pgf@tempdim=\dimen167
\pgf@x=\dimen168
\pgf@y=\dimen169
\pgf@xa=\dimen170
\pgf@ya=\dimen171
\pgf@xb=\dimen172
\pgf@yb=\dimen173
\pgf@xc=\dimen174
\pgf@yc=\dimen175
\pgfobjectbox=\box35
\pgf@xx=\dimen176
\pgf@xy=\dimen177
\pgf@yx=\dimen178
\pgf@yy=\dimen179
\pgf@zx=\dimen180
\pgf@zy=\dimen181
\pgf@counta=\count133
\pgf@countb=\count134
)
(/opt/local/share/texmf-dist/tex/latex/base/makeidx.sty
Package: makeidx 2000/03/29 v1.0m Standard LaTeX package
)
Package hyperref Info: Option `colorlinks' set `true' on input line 49.
Package hyperref Info: Option `linktocpage' set `true' on input line 49.
Package hyperref Info: Option `breaklinks' set `true' on input line 49.
Package hyperref Info: Option `pageanchor' set `true' on input line 49.
Package hyperref Info: Option `plainpages' set `false' on input line 49.
Package hyperref Info: Option `bookmarksnumbered' set `true' on input line 49.
Package hyperref Info: Option `bookmarksopen' set `true' on input line 49.
Package hyperref Info: Option `hypertexnames' set `true' on input line 49.
\@indexfile=\write4
\openout4 = `manual_en.idx'.


Writing index file manual_en.idx
(./manual_en.aux)
\openout1 = `manual_en.aux'.

LaTeX Font Info:    Checking defaults for OML/cmm/m/it on input line 65.
LaTeX Font Info:    ... okay on input line 65.
LaTeX Font Info:    Checking defaults for T1/cmr/m/n on input line 65.
LaTeX Font Info:    ... okay on input line 65.
LaTeX Font Info:    Checking defaults for OT1/cmr/m/n on input line 65.
LaTeX Font Info:    ... okay on input line 65.
LaTeX Font Info:    Checking defaults for OMS/cmsy/m/n on input line 65.
LaTeX Font Info:    ... okay on input line 65.
LaTeX Font Info:    Checking defaults for OMX/cmex/m/n on input line 65.
LaTeX Font Info:    ... okay on input line 65.
LaTeX Font Info:    Checking defaults for U/cmr/m/n on input line 65.
LaTeX Font Info:    ... okay on input line 65.
LaTeX Font Info:    Checking defaults for TS1/cmr/m/n on input line 65.
LaTeX Font Info:    Try loading font information for TS1+cmr on input line 65.
 (/opt/local/share/texmf-dist/tex/latex/base/ts1cmr.fd
File: ts1cmr.fd 1999/05/25 v2.5h Standard LaTeX font definitions
)
LaTeX Font Info:    ... okay on input line 65.
LaTeX Font Info:    Checking defaults for PD1/pdf/m/n on input line 65.
LaTeX Font Info:    ... okay on input line 65.
LaTeX Font Info:    Try loading font information for T1+pplj on input line 65.

(/opt/local/share/texmf-dist/tex/latex/psnfss/t1pplj.fd
File: t1pplj.fd 2004/09/06 font definitions for T1/pplj.
)
(/opt/local/share/texmf-dist/tex/latex/microtype/mt-ppl.cfg
File: mt-ppl.cfg 2005/01/11 v1.4 microtype config. file: Palatino (RS)
)
(/opt/local/share/texmf-dist/tex/latex/ms/ragged2e.sty
Package: ragged2e 2003/03/25 v2.04 ragged2e Package (MS)

(/opt/local/share/texmf-dist/tex/latex/ms/everysel.sty
Package: everysel 1999/06/08 v1.03 EverySelectfont Package (MS)
LaTeX Info: Redefining \selectfont on input line 125.
)
\CenteringLeftskip=\skip104
\RaggedLeftLeftskip=\skip105
\RaggedRightLeftskip=\skip106
\CenteringRightskip=\skip107
\RaggedLeftRightskip=\skip108
\RaggedRightRightskip=\skip109
\CenteringParfillskip=\skip110
\RaggedLeftParfillskip=\skip111
\RaggedRightParfillskip=\skip112
\JustifyingParfillskip=\skip113
\CenteringParindent=\skip114
\RaggedLeftParindent=\skip115
\RaggedRightParindent=\skip116
\JustifyingParindent=\skip117
)
Package caption Info: listings package v1.2 (or newer) detected on input line 6
5.
Package hyperref Info: Link coloring ON on input line 65.

(/opt/local/share/texmf-dist/tex/latex/hyperref/nameref.sty
Package: nameref 2003/12/03 v2.21 Cross-referencing by name of section
\c@section@level=\count135
)
LaTeX Info: Redefining \ref on input line 65.
LaTeX Info: Redefining \pageref on input line 65.
 (./manual_en.out)
(./manual_en.out)
\openout3 = `manual_en.out'.

 (/opt/local/share/texmf-dist/tex/context/base/supp-pdf.tex
(/opt/local/share/texmf-dist/tex/context/base/supp-mis.tex
loading : Context Support Macros / Miscellaneous (2004.10.26)
\protectiondepth=\count136
\scratchcounter=\count137
\scratchtoks=\toks31
\scratchdimen=\dimen182
\scratchskip=\skip118
\scratchmuskip=\muskip12
\scratchbox=\box36
\scratchread=\read1
\scratchwrite=\write5
\zeropoint=\dimen183
\onepoint=\dimen184
\onebasepoint=\dimen185
\minusone=\count138
\thousandpoint=\dimen186
\onerealpoint=\dimen187
\emptytoks=\toks32
\nextbox=\box37
\nextdepth=\dimen188
\everyline=\toks33
\!!counta=\count139
\!!countb=\count140
\recursecounter=\count141
)
loading : Context Support Macros / PDF (2004.03.26)
\nofMPsegments=\count142
\nofMParguments=\count143
\MPscratchCnt=\count144
\MPscratchDim=\dimen189
\MPnumerator=\count145
\everyMPtoPDFconversion=\toks34
)
LaTeX Font Info:    Try loading font information for T1+cmss on input line 70.
 (/opt/local/share/texmf-dist/tex/latex/base/t1cmss.fd
File: t1cmss.fd 1999/05/25 v2.5h Standard LaTeX font definitions
)
LaTeX Font Info:    Try loading font information for U+zeur on input line 70.

(/opt/local/share/texmf-dist/tex/latex/eulervm/uzeur.fd
File: uzeur.fd 2005/01/11 v4.0 (WaS)
)
LaTeX Font Info:    Try loading font information for U+zeus on input line 70.

(/opt/local/share/texmf-dist/tex/latex/eulervm/uzeus.fd
File: uzeus.fd 2005/01/11 v4.0 (WaS)
)
LaTeX Font Info:    Try loading font information for U+zeuex on input line 70.

(/opt/local/share/texmf-dist/tex/latex/eulervm/uzeuex.fd
File: uzeuex.fd 2005/01/11 v4.0 (WaS)
)
LaTeX Font Info:    Try loading font information for OT1+zplm on input line 70.


(/opt/local/share/texmf-dist/tex/latex/psnfss/ot1zplm.fd
File: ot1zplm.fd 2002/09/08 Fontinst v1.914 font definitions for OT1/zplm.
)
<images/icona_fidocadj_a.png, id=166, 513.92pt x 513.92pt>
File: images/icona_fidocadj_a.png Graphic file (type png)

<use images/icona_fidocadj_a.png> [1


{/opt/local/share/texmf-var/fonts/map/pdftex/updmap/pdftex.map} <./images/icona
_fidocadj_a.png>] [2

] [3



! pdfTeX warning (ext4): destination with the same identifier (name{Licence.1})
 has been already used, duplicate ignored
<to be read again> 
                   \endgroup \set@typeset@protect 
l.103 \chapter
              *{Abstract}] [4

] [5

]
LaTeX Font Info:    Try loading font information for TS1+pplj on input line 144
.

(/opt/local/share/texmf-dist/tex/latex/psnfss/ts1pplj.fd
File: ts1pplj.fd 2004/09/06 font definitions for TS1/pplj.
) [6

] (./manual_en.toc
Overfull \hbox (13.5095pt too wide) in paragraph at lines 15--15
 [][] []\^^@ d r a w -i n g f o r -m a t , m a c r o s a n d f i -d o -c a d l 
i -b r a r i e s  []  
 []

)
\tf@toc=\write6
\openout6 = `manual_en.toc'.

 [7

] (./manual_en.lof
Overfull \hbox (6.5595pt too wide) in paragraph at lines 17--17
 [][] []\^^@ Added the re-main-ing con-nec-tions PCB tracks. []  
 []


Overfull \hbox (8.11134pt too wide) in paragraph at lines 23--23
 [][] []\^^@ An ex-am-ple of Courier font, used in Fi-do-CadJ. []  
 []

)
\tf@lof=\write7
\openout7 = `manual_en.lof'.

 (./manual_en.lot)
\tf@lot=\write8
\openout8 = `manual_en.lot'.

 [8

]
Chapter 1.
LaTeX Font Info:    Font shape `T1/pplj/m/sl' in size <10> not available
(Font)              Font shape `T1/pplj/m/it' tried instead on input line 238.
LaTeX Font Info:    Font shape `T1/pplj/m/sl' in size <8> not available
(Font)              Font shape `T1/pplj/m/it' tried instead on input line 238.
[1

] [2]
Chapter 2.
<images/fidocadj_macosx.png, id=356, 1445.4pt x 903.375pt>
File: images/fidocadj_macosx.png Graphic file (type png)

<use images/fidocadj_macosx.png>
<images/fidocadj_metal.png, id=357, 1085.05376pt x 621.32124pt>
File: images/fidocadj_metal.png Graphic file (type png)

<use images/fidocadj_metal.png>
<images/icons/arrow.png, id=358, 32.12pt x 32.12pt>
File: images/icons/arrow.png Graphic file (type png)

<use images/icons/arrow.png>
<images/icons/magnifier.png, id=359, 32.12pt x 32.12pt>
File: images/icons/magnifier.png Graphic file (type png)

<use images/icons/magnifier.png>
<images/icons/move.png, id=360, 32.12pt x 32.12pt>
File: images/icons/move.png Graphic file (type png)
 <use images/icons/move.png>
<images/icons/line.png, id=361, 32.12pt x 32.12pt>
File: images/icons/line.png Graphic file (type png)
 <use images/icons/line.png>
<images/icons/text.png, id=362, 32.12pt x 32.12pt>
File: images/icons/text.png Graphic file (type png)
 <use images/icons/text.png>
<images/icons/bezier.png, id=363, 32.12pt x 32.12pt>
File: images/icons/bezier.png Graphic file (type png)

<use images/icons/bezier.png>
<images/icons/polygon.png, id=364, 32.12pt x 32.12pt>
File: images/icons/polygon.png Graphic file (type png)

<use images/icons/polygon.png>
<images/icons/ellipse.png, id=365, 32.12pt x 32.12pt>
File: images/icons/ellipse.png Graphic file (type png)

<use images/icons/ellipse.png>
<images/icons/rectangle.png, id=366, 32.12pt x 32.12pt>
File: images/icons/rectangle.png Graphic file (type png)

<use images/icons/rectangle.png>
<images/icons/connection.png, id=367, 32.12pt x 32.12pt>
File: images/icons/connection.png Graphic file (type png)

<use images/icons/connection.png>
<images/icons/pcbline.png, id=368, 32.12pt x 32.12pt>
File: images/icons/pcbline.png Graphic file (type png)

<use images/icons/pcbline.png>
<images/icons/pcbpad.png, id=369, 32.12pt x 32.12pt>
File: images/icons/pcbpad.png Graphic file (type png)

<use images/icons/pcbpad.png>
Overfull \hbox (88.20898pt too wide) in paragraph at lines 365--407
 [][] 
 []

<images/param_testo.png, id=370, 455.7025pt x 304.13625pt>
File: images/param_testo.png Graphic file (type png)

<use images/param_testo.png> (./images/schema.pgf)
Underfull \vbox (badness 2302) has occurred while \output is active []

 [3

]
[4 <./images/fidocadj_macosx.png> <./images/fidocadj_metal.png> <./images/param
_testo.png>] [5 <./images/icons/arrow.png> <./images/icons/magnifier.png> <./im
ages/icons/move.png> <./images/icons/line.png> <./images/icons/text.png> <./ima
ges/icons/bezier.png> <./images/icons/polygon.png> <./images/icons/ellipse.png>
 <./images/icons/rectangle.png> <./images/icons/connection.png> <./images/icons
/pcbline.png> <./images/icons/pcbpad.png>]
<images/fidocadj_fase1.png, id=393, 1084.05pt x 620.3175pt>
File: images/fidocadj_fase1.png Graphic file (type png)

<use images/fidocadj_fase1.png>
<images/fidocadj_fase2.png, id=394, 1084.05pt x 620.3175pt>
File: images/fidocadj_fase2.png Graphic file (type png)

<use images/fidocadj_fase2.png> [6 <./images/fidocadj_fase1.png>]
<images/fidocadj_fase3.png, id=402, 1084.05pt x 620.3175pt>
File: images/fidocadj_fase3.png Graphic file (type png)

<use images/fidocadj_fase3.png>
<images/fidocadj_fase4.png, id=403, 1084.05pt x 620.3175pt>
File: images/fidocadj_fase4.png Graphic file (type png)

<use images/fidocadj_fase4.png> [7 <./images/fidocadj_fase2.png> <./images/fido
cadj_fase3.png>] <images/fidocadj_fase5.png, id=413, 1084.05pt x 620.3175pt>
File: images/fidocadj_fase5.png Graphic file (type png)

<use images/fidocadj_fase5.png>
LaTeX Font Info:    Try loading font information for T1+cmtt on input line 582.


(/opt/local/share/texmf-dist/tex/latex/base/t1cmtt.fd
File: t1cmtt.fd 1999/05/25 v2.5h Standard LaTeX font definitions
) [8 <./images/fidocadj_fase4.png> <./images/fidocadj_fase5.png>]
Underfull \vbox (badness 10000) has occurred while \output is active []

 [9]
<images/amplificateur.pdf, id=463, 117.43875pt x 93.34875pt>
File: images/amplificateur.pdf Graphic file (type pdf)

<use images/amplificateur.pdf> [10 <./images/amplificateur.pdf>]
<images/amplificateur_phase1.png, id=492, 1084.05pt x 620.3175pt>
File: images/amplificateur_phase1.png Graphic file (type png)

<use images/amplificateur_phase1.png>
<images/amplificateur_phase2.png, id=493, 1084.05pt x 620.3175pt>
File: images/amplificateur_phase2.png Graphic file (type png)

<use images/amplificateur_phase2.png>
<images/amplificateur_phase3.png, id=494, 1084.05pt x 620.3175pt>
File: images/amplificateur_phase3.png Graphic file (type png)

<use images/amplificateur_phase3.png> [11 <./images/amplificateur_phase1.png>]
[12 <./images/amplificateur_phase2.png> <./images/amplificateur_phase3.png>]
<images/amplificateur_phase4.png, id=521, 1084.05pt x 620.3175pt>
File: images/amplificateur_phase4.png Graphic file (type png)

<use images/amplificateur_phase4.png>
<images/amplificateur_complet.png, id=522, 835.12pt x 475.7775pt>
File: images/amplificateur_complet.png Graphic file (type png)

<use images/amplificateur_complet.png>
<images/amplificateur_impression.pdf, id=523, 597.23125pt x 845.1575pt>
File: images/amplificateur_impression.pdf Graphic file (type pdf)

<use images/amplificateur_impression.pdf>
Underfull \vbox (badness 2753) has occurred while \output is active []

 [13 <./images/amplificateur_phase4.png> <./images/amplificateur_complet.png>] 
[14 <./images/amplificateur_impression.pdf>] [15] [16]
<images/fidocadj_motif.png, id=613, 1041.8925pt x 589.20125pt>
File: images/fidocadj_motif.png Graphic file (type png)

<use images/fidocadj_motif.png> [17 <./images/fidocadj_motif.png>] [18]
Chapter 3.
[19

] [20] <images/courier_sample.png, id=657, 457.71pt x 357.335pt>
File: images/courier_sample.png Graphic file (type png)

<use images/courier_sample.png> [21 <./images/courier_sample.png>] [22]
[23] [24]
Chapter 4.
[25

]
Appendix A.
[26

]
Appendix B.

Overfull \hbox (8.19344pt too wide) in paragraph at lines 1521--1521
 |[]\^^@ h o w t o d o w n -l o a d a n d e x -e -c u t e f i -d o -c a d j u n
 -d e r m a -c o s x| 
 []


Overfull \hbox (11.04385pt too wide) in paragraph at lines 1539--1539
 |[]\^^@ h o w t o d o w n -l o a d a n d e x -e -c u t e f i -d o -c a d j i n
 a l i n u x s y s -
 []


Underfull \hbox (badness 10000) in paragraph at lines 1541--1542

 []

[27

] <images/permessi.png, id=754, 725.71124pt x 496.85625pt>
File: images/permessi.png Graphic file (type png)

<use images/permessi.png> <images/java6.png, id=755, 719.68875pt x 493.845pt>
File: images/java6.png Graphic file (type png)

<use images/java6.png> (./manual_en.ind [28 <./images/permessi.png>] [29 <./ima
ges/java6.png>] [30



] [31]) [32


] [33] (./manual_en.aux) ) 
Here is how much of TeX's memory you used:
 11236 strings out of 94500
 157675 string characters out of 1174973
 321273 words of memory out of 1000000
 13686 multiletter control sequences out of 10000+50000
 66512 words of font info for 209 fonts, out of 500000 for 2000
 580 hyphenation exceptions out of 1000
 49i,15n,79p,582b,1894s stack positions out of 1500i,500n,5000p,200000b,5000s
PDF statistics:
 1013 PDF objects out of 300000
 261 named destinations out of 131072
 26353 words of extra memory for PDF output out of 65536
{/opt/local/share/texmf-dist/fonts/enc/dvips/psnfss/8
r.enc}</opt/local/share/texmf-dist/fonts/type1/public/fpl/fplrc8a.pfb></opt/loc
al/share/texmf-dist/fonts/type1/bluesky/cm/cmsy10.pfb></opt/local/share/texmf-d
ist/fonts/type1/public/fpl/fplrc8a.pfb></opt/local/share/texmf-dist/fonts/type1
/public/fpl/fplrc8a.pfb></opt/local/share/texmf-dist/fonts/type1/bluesky/euler/
eurm7.pfb></opt/local/share/texmf-dist/fonts/type1/bluesky/euler/eurm10.pfb> </
var/tmp/texfonts/pk/ljfour/jknappen/ec/ecit0900.600pk></opt/local/share/texmf-d
ist/fonts/type1/urw/palatino/uplri8a.pfb></opt/local/share/texmf-dist/fonts/typ
e1/public/fpl/fplrc8a.pfb></opt/local/share/texmf-dist/fonts/type1/public/fpl/f
plrc8a.pfb></opt/local/share/texmf-dist/fonts/type1/bluesky/euler/eufm10.pfb></
opt/local/share/texmf-dist/fonts/type1/urw/palatino/uplri8a.pfb></opt/local/sha
re/texmf-dist/fonts/type1/urw/palatino/uplri8a.pfb></opt/local/share/texmf-dist
/fonts/type1/urw/palatino/uplri8a.pfb></opt/local/share/texmf-dist/fonts/type1/
urw/palatino/uplri8a.pfb></opt/local/share/texmf-dist/fonts/type1/public/fpl/fp
lrc8a.pfb></opt/local/share/texmf-dist/fonts/type1/bluesky/latex/lcircle1.pfb> 
</var/tmp/texfonts/pk/ljfour/jknappen/ec/ectt0900.600pk></opt/local/share/texmf
-dist/fonts/type1/public/fpl/fplrc8a.pfb></opt/local/share/texmf-dist/fonts/typ
e1/public/fpl/fplrij8a.pfb></opt/local/share/texmf-dist/fonts/type1/urw/palatin
o/uplri8a.pfb></opt/local/share/texmf-dist/fonts/type1/public/fpl/fplrc8a.pfb><
/opt/local/share/texmf-dist/fonts/type1/urw/palatino/uplri8a.pfb></opt/local/sh
are/texmf-dist/fonts/type1/bluesky/euler/eurb10.pfb></opt/local/share/texmf-dis
t/fonts/type1/urw/palatino/uplr8a.pfb></opt/local/share/texmf-dist/fonts/type1/
public/fpl/fplrc8a.pfb></opt/local/share/texmf-dist/fonts/type1/urw/palatino/up
lr8a.pfb></opt/local/share/texmf-dist/fonts/type1/urw/palatino/uplr8a.pfb></opt
/local/share/texmf-dist/fonts/type1/urw/palatino/uplr8a.pfb></opt/local/share/t
exmf-dist/fonts/type1/urw/palatino/uplr8a.pfb></opt/local/share/texmf-dist/font
s/type1/urw/palatino/uplr8a.pfb></opt/local/share/texmf-dist/fonts/type1/urw/pa
latino/uplr8a.pfb></opt/local/share/texmf-dist/fonts/type1/urw/palatino/uplr8a.
pfb></opt/local/share/texmf-dist/fonts/type1/urw/palatino/uplr8a.pfb></opt/loca
l/share/texmf-dist/fonts/type1/public/fpl/fplrc8a.pfb></opt/local/share/texmf-d
ist/fonts/type1/urw/palatino/uplr8a.pfb></opt/local/share/texmf-dist/fonts/type
1/public/fpl/fplrc8a.pfb></opt/local/share/texmf-dist/fonts/type1/urw/palatino/
uplr8a.pfb> </var/tmp/texfonts/pk/ljfour/jknappen/ec/ecsx2488.600pk>
Output written on manual_en.pdf (41 pages, 2110951 bytes).
