\BOOKMARK [1][-]{Front.1}{Front}{}
\BOOKMARK [1][-]{Licence.1}{Licence}{}
\BOOKMARK [1][-]{Licence.1}{Licence}{}
\BOOKMARK [1][-]{Abstract.1}{Abstract}{}
\BOOKMARK [1][-]{Aknowledgements.1}{Aknowledgements}{}
\BOOKMARK [1][-]{License FidoCadJ.1}{License FidoCadJ}{}
\BOOKMARK [1][-]{Table of contents.1}{Table of contents}{}
\BOOKMARK [1][-]{List of figures.1}{Liste of figures}{}
\BOOKMARK [1][-]{Liste of tables.1}{Liste of tables}{}
\BOOKMARK [0][]{chapter.1}{1 Introduction}{}
\BOOKMARK [1][-]{section.1.1}{1.1 FidoCadJ's philosophy}{chapter.1}
\BOOKMARK [1][-]{section.1.2}{1.2 History of this software}{chapter.1}
\BOOKMARK [0][]{chapter.2}{2 Drawing with FidoCadJ}{}
\BOOKMARK [1][-]{section.2.1}{2.1 Drawing Tools}{chapter.2}
\BOOKMARK [1][-]{section.2.2}{2.2 A simple schematic}{chapter.2}
\BOOKMARK [1][-]{section.2.3}{2.3 The layers}{chapter.2}
\BOOKMARK [1][-]{section.2.4}{2.4 The grid}{chapter.2}
\BOOKMARK [1][-]{section.2.5}{2.5 A simple PCB}{chapter.2}
\BOOKMARK [1][-]{section.2.6}{2.6 Exporting}{chapter.2}
\BOOKMARK [1][-]{section.2.7}{2.7 Command line options}{chapter.2}
\BOOKMARK [1][-]{section.2.8}{2.8 Libraries management}{chapter.2}
\BOOKMARK [0][]{chapter.3}{3 Drawing format, macros and FidoCad libraries}{}
\BOOKMARK [1][-]{section.3.1}{3.1 Header description}{chapter.3}
\BOOKMARK [1][-]{section.3.2}{3.2 Coordinates system}{chapter.3}
\BOOKMARK [1][-]{section.3.3}{3.3 Drawing primitives}{chapter.3}
\BOOKMARK [1][-]{section.3.4}{3.4 FidoCadJ extensions}{chapter.3}
\BOOKMARK [1][-]{section.3.5}{3.5 Syntax errors tolerance}{chapter.3}
\BOOKMARK [1][-]{section.3.6}{3.6 Libraries format}{chapter.3}
\BOOKMARK [1][-]{section.3.7}{3.7 Standard Libraries}{chapter.3}
\BOOKMARK [0][]{chapter.4}{4 Conclusion}{}
\BOOKMARK [0][]{appendix.A}{A Platform-specific extensions}{}
\BOOKMARK [1][-]{section.A.1}{A.1 MacOSX}{appendix.A}
\BOOKMARK [1][-]{section.A.2}{A.2 Linux}{appendix.A}
\BOOKMARK [1][-]{section.A.3}{A.3 Windows}{appendix.A}
\BOOKMARK [0][]{appendix.B}{B FidoCadJ installation}{}
\BOOKMARK [1][-]{section.B.1}{B.1 How to download and execute FidoCadJ under MacOSX}{appendix.B}
\BOOKMARK [1][-]{section.B.2}{B.2 How to download and execute FidoCadJ in a Linux system}{appendix.B}
\BOOKMARK [2][-]{subsection.B.2.1}{B.2.1 Using any platform, from terminal}{section.B.2}
\BOOKMARK [2][-]{subsection.B.2.2}{B.2.2 On a graphical system}{section.B.2}
\BOOKMARK [0][]{dummy.1}{Index}{}
