\BOOKMARK [1][-]{Front.1}{Front}{}
\BOOKMARK [1][-]{Licence.1}{Licence}{}
\BOOKMARK [1][-]{R\'esum\'e.1}{R\351sum\351}{}
\BOOKMARK [1][-]{Remerciements.1}{Remerciements}{}
\BOOKMARK [1][-]{Licence FidoCadJ.1}{Licence FidoCadJ}{}
\BOOKMARK [1][-]{Table des mati\`ere.1}{Table des mati\350res}{}
\BOOKMARK [1][-]{Liste des figures.1}{Liste des figures}{}
\BOOKMARK [1][-]{Liste des tableaux.1}{Liste des tableaux}{}
\BOOKMARK [0][]{chapter.1}{1 Introduction}{}
\BOOKMARK [1][-]{section.1.1}{1.1 La philosophie de FidoCadJ}{chapter.1}
\BOOKMARK [1][-]{section.1.2}{1.2 Histoire du logiciel}{chapter.1}
\BOOKMARK [0][]{chapter.2}{2 Le dessin avec FidoCadJ}{}
\BOOKMARK [1][-]{section.2.1}{2.1 Les instruments de dessin}{chapter.2}
\BOOKMARK [1][-]{section.2.2}{2.2 Dessinons un simple sch\351ma \351lectrique}{chapter.2}
\BOOKMARK [1][-]{section.2.3}{2.3 Les couches \(layer\)}{chapter.2}
\BOOKMARK [1][-]{section.2.4}{2.4 La grille}{chapter.2}
\BOOKMARK [1][-]{section.2.5}{2.5 Dessiner un simple circuit imprim\351}{chapter.2}
\BOOKMARK [1][-]{section.2.6}{2.6 Exportation}{chapter.2}
\BOOKMARK [1][-]{section.2.7}{2.7 Options de la ligne de commande}{chapter.2}
\BOOKMARK [1][-]{section.2.8}{2.8 Gestion des librairies}{chapter.2}
\BOOKMARK [0][]{chapter.3}{3 Le format des dessins, des macros et des librairies FidoCad}{}
\BOOKMARK [1][-]{section.3.1}{3.1 Description de l'en-t\352te}{chapter.3}
\BOOKMARK [1][-]{section.3.2}{3.2 Le syst\350me de coordonn\351es}{chapter.3}
\BOOKMARK [1][-]{section.3.3}{3.3 \311l\351ments de dessin}{chapter.3}
\BOOKMARK [1][-]{section.3.4}{3.4 Extensions de FidoCadJ}{chapter.3}
\BOOKMARK [1][-]{section.3.5}{3.5 Tol\351rance aux erreurs de syntaxe}{chapter.3}
\BOOKMARK [1][-]{section.3.6}{3.6 Le format des librairies}{chapter.3}
\BOOKMARK [1][-]{section.3.7}{3.7 Librairies standard}{chapter.3}
\BOOKMARK [0][]{chapter.4}{4 Conclusion}{}
\BOOKMARK [0][]{appendix.A}{A Extensions sp\351cifiques aux syst\350mes d'exploitation}{}
\BOOKMARK [1][-]{section.A.1}{A.1 MacOSX}{appendix.A}
\BOOKMARK [0][]{dummy.1}{Index}{}
